[0819/083015.990:WARNING:spdy_session.cc(3541)] Received HEADERS for invalid stream 4
[0819/083016.058:WARNING:spdy_session.cc(3541)] Received HEADERS for invalid stream 6
[0819/083016.152:WARNING:spdy_session.cc(3541)] Received HEADERS for invalid stream 8
[0819/083022.928:WARNING:backend_impl.cc(1826)] Destroying invalid entry.
[0819/083023.443:INFO:CONSOLE(3)] "Hotjar not launching due to suspicious userAgent: FishBot-BRAD", source: https://static.hotjar.com/c/hotjar-859227.js?sv=6 (3)
[0819/083025.258:INFO:CONSOLE(3)] "Hotjar not launching due to suspicious userAgent: FishBot-BRAD", source: https://static.hotjar.com/c/hotjar-859227.js?sv=6 (3)
[0819/083028.383:INFO:CONSOLE(3)] "Hotjar not launching due to suspicious userAgent: FishBot-BRAD", source: https://static.hotjar.com/c/hotjar-859227.js?sv=6 (3)
[0819/083028.679:INFO:CONSOLE(0)] "Error with Permissions-Policy header: Unrecognized feature: 'interest-cohort'.", source:  (0)
[0819/083031.107:INFO:CONSOLE(3)] "Hotjar not launching due to suspicious userAgent: FishBot-BRAD", source: https://static.hotjar.com/c/hotjar-859227.js?sv=6 (3)
[0819/083032.189:INFO:CONSOLE(0)] "Error with Permissions-Policy header: Unrecognized feature: 'interest-cohort'.", source:  (0)
[0819/083032.409:INFO:CONSOLE(3)] "Hotjar not launching due to suspicious userAgent: FishBot-BRAD", source: https://static.hotjar.com/c/hotjar-859227.js?sv=6 (3)
[0819/083032.635:INFO:CONSOLE(3)] "Hotjar not launching due to suspicious userAgent: FishBot-BRAD", source: https://static.hotjar.com/c/hotjar-859227.js?sv=6 (3)
[0819/083034.798:INFO:CONSOLE(0)] "Error with Permissions-Policy header: Unrecognized feature: 'interest-cohort'.", source:  (0)
[0819/083036.408:INFO:CONSOLE(0)] "Error with Permissions-Policy header: Unrecognized feature: 'interest-cohort'.", source:  (0)
[0819/083036.644:INFO:CONSOLE(3)] "Hotjar not launching due to suspicious userAgent: FishBot-BRAD", source: https://static.hotjar.com/c/hotjar-859227.js?sv=6 (3)
[0819/083037.473:INFO:CONSOLE(0)] "Error with Permissions-Policy header: Unrecognized feature: 'interest-cohort'.", source:  (0)
[0819/083037.476:INFO:CONSOLE(3)] "Hotjar not launching due to suspicious userAgent: FishBot-BRAD", source: https://static.hotjar.com/c/hotjar-859227.js?sv=6 (3)
[0819/083037.607:INFO:CONSOLE(3)] "Hotjar not launching due to suspicious userAgent: FishBot-BRAD", source: https://static.hotjar.com/c/hotjar-859227.js?sv=6 (3)
[0819/083037.707:INFO:CONSOLE(3)] "Hotjar not launching due to suspicious userAgent: FishBot-BRAD", source: https://static.hotjar.com/c/hotjar-859227.js?sv=6 (3)
[0819/083037.857:INFO:CONSOLE(3)] "Hotjar not launching due to suspicious userAgent: FishBot-BRAD", source: https://static.hotjar.com/c/hotjar-859227.js?sv=6 (3)
[0819/083038.725:INFO:CONSOLE(3)] "Hotjar not launching due to suspicious userAgent: FishBot-BRAD", source: https://static.hotjar.com/c/hotjar-859227.js?sv=6 (3)
[0819/083039.290:INFO:CONSOLE(0)] "Error with Permissions-Policy header: Unrecognized feature: 'interest-cohort'.", source:  (0)
[0819/083040.549:INFO:CONSOLE(279)] "[object Object]", source: __puppeteer_evaluation_script__ (279)
[0819/083041.079:INFO:CONSOLE(0)] "Error with Permissions-Policy header: Unrecognized feature: 'interest-cohort'.", source:  (0)
[0819/083041.802:INFO:CONSOLE(0)] "Error with Permissions-Policy header: Unrecognized feature: 'interest-cohort'.", source:  (0)
[0819/083041.914:INFO:CONSOLE(3)] "Hotjar not launching due to suspicious userAgent: FishBot-BRAD", source: https://static.hotjar.com/c/hotjar-859227.js?sv=6 (3)
[0819/083041.975:INFO:CONSOLE(0)] "Error with Permissions-Policy header: Unrecognized feature: 'interest-cohort'.", source:  (0)
[0819/083042.001:INFO:CONSOLE(3)] "Hotjar not launching due to suspicious userAgent: FishBot-BRAD", source: https://static.hotjar.com/c/hotjar-859227.js?sv=6 (3)
[0819/083042.106:INFO:CONSOLE(0)] "The resource https://s.go-mpulse.net/boomerang/TBE5G-3TXH5-2L25T-C7H4E-CYRNJ was preloaded using link preload but not used within a few seconds from the window's load event. Please make sure it has an appropriate `as` value and it is preloaded intentionally.", source: https://www.fisherinvestments.com/en-us/campaigns/fmr/ld?PC=PLACEMENTX&CC=XXXX&utm_campaign=qa (0)
[0819/083042.117:INFO:CONSOLE(3)] "Hotjar not launching due to suspicious userAgent: FishBot-BRAD", source: https://static.hotjar.com/c/hotjar-859227.js?sv=6 (3)
[0819/083042.893:INFO:CONSOLE(279)] "[object Object]", source: __puppeteer_evaluation_script__ (279)
[0819/083042.972:INFO:CONSOLE(0)] "Error with Permissions-Policy header: Unrecognized feature: 'interest-cohort'.", source:  (0)
[0819/083043.008:INFO:CONSOLE(3)] "Hotjar not launching due to suspicious userAgent: FishBot-BRAD", source: https://static.hotjar.com/c/hotjar-859227.js?sv=6 (3)
[0819/083043.458:INFO:CONSOLE(279)] "[object Object]", source: __puppeteer_evaluation_script__ (279)
[0819/083043.638:INFO:CONSOLE(0)] "Error with Permissions-Policy header: Unrecognized feature: 'interest-cohort'.", source:  (0)
[0819/083043.844:INFO:CONSOLE(279)] "[object Object]", source: __puppeteer_evaluation_script__ (279)
[0819/083044.122:INFO:CONSOLE(0)] "Error with Permissions-Policy header: Unrecognized feature: 'interest-cohort'.", source:  (0)
[0819/083044.585:INFO:CONSOLE(0)] "Error with Permissions-Policy header: Unrecognized feature: 'interest-cohort'.", source:  (0)
[0819/083044.605:INFO:CONSOLE(0)] "Error with Permissions-Policy header: Unrecognized feature: 'interest-cohort'.", source:  (0)
[0819/083044.851:INFO:CONSOLE(0)] "Error with Permissions-Policy header: Unrecognized feature: 'interest-cohort'.", source:  (0)
[0819/083045.132:INFO:CONSOLE(0)] "Error with Permissions-Policy header: Unrecognized feature: 'interest-cohort'.", source:  (0)
[0819/083046.580:INFO:CONSOLE(279)] "[object Object]", source: __puppeteer_evaluation_script__ (279)
[0819/083047.449:INFO:CONSOLE(279)] "[object Object]", source: __puppeteer_evaluation_script__ (279)
[0819/083048.714:INFO:CONSOLE(279)] "[object Object]", source: __puppeteer_evaluation_script__ (279)
[0819/083048.714:INFO:CONSOLE(279)] "[object Object]", source: __puppeteer_evaluation_script__ (279)
[0819/083048.728:INFO:CONSOLE(279)] "[object Object]", source: __puppeteer_evaluation_script__ (279)
[0819/083048.948:INFO:CONSOLE(279)] "[object Object]", source: __puppeteer_evaluation_script__ (279)
[0819/083049.022:INFO:CONSOLE(279)] "[object Object]", source: __puppeteer_evaluation_script__ (279)
[0819/083049.225:INFO:CONSOLE(279)] "[object Object]", source: __puppeteer_evaluation_script__ (279)
[0819/083049.234:INFO:CONSOLE(279)] "[object Object]", source: __puppeteer_evaluation_script__ (279)
[0819/083049.234:INFO:CONSOLE(279)] "[object Object]", source: __puppeteer_evaluation_script__ (279)
[0819/083049.284:INFO:CONSOLE(279)] "[object Object]", source: __puppeteer_evaluation_script__ (279)
[0819/083049.500:INFO:CONSOLE(279)] "[object Object]", source: __puppeteer_evaluation_script__ (279)
[0819/083050.096:INFO:CONSOLE(0)] "The resource https://s.go-mpulse.net/boomerang/TBE5G-3TXH5-2L25T-C7H4E-CYRNJ was preloaded using link preload but not used within a few seconds from the window's load event. Please make sure it has an appropriate `as` value and it is preloaded intentionally.", source: https://www.fisherinvestments.com/en-us/campaigns/fmr/ld?PC=PLACEMENTX&CC=XXXX&utm_campaign=qa (0)
[0819/083050.812:INFO:CONSOLE(3)] "Hotjar not launching due to suspicious userAgent: FishBot-BRAD", source: https://static.hotjar.com/c/hotjar-859227.js?sv=6 (3)
[0819/083051.001:INFO:CONSOLE(0)] "The resource https://s.go-mpulse.net/boomerang/TBE5G-3TXH5-2L25T-C7H4E-CYRNJ was preloaded using link preload but not used within a few seconds from the window's load event. Please make sure it has an appropriate `as` value and it is preloaded intentionally.", source: https://www.fisherinvestments.com/en-us/campaigns/14rr/qa?PC=PLACEMENTX&CC=XXXX&utm_campaign=qa (0)
[0819/083051.726:INFO:CONSOLE(0)] "Error with Permissions-Policy header: Unrecognized feature: 'interest-cohort'.", source:  (0)
[0819/083055.266:INFO:CONSOLE(3)] "Hotjar not launching due to suspicious userAgent: FishBot-BRAD", source: https://static.hotjar.com/c/hotjar-859227.js?sv=6 (3)
[0819/083055.807:INFO:CONSOLE(0)] "The resource https://s.go-mpulse.net/boomerang/TBE5G-3TXH5-2L25T-C7H4E-CYRNJ was preloaded using link preload but not used within a few seconds from the window's load event. Please make sure it has an appropriate `as` value and it is preloaded intentionally.", source: https://www.fisherinvestments.com/en-us/campaigns/14rr/qa?PC=PLACEMENTX&CC=XXXX&utm_campaign=qa (0)
[0819/083055.808:INFO:CONSOLE(0)] "The resource https://s.go-mpulse.net/boomerang/TBE5G-3TXH5-2L25T-C7H4E-CYRNJ was preloaded using link preload but not used within a few seconds from the window's load event. Please make sure it has an appropriate `as` value and it is preloaded intentionally.", source: https://www.fisherinvestments.com/en-us/campaigns/fmr/ld?PC=PLACEMENTX&CC=XXXX&utm_campaign=qa (0)
[0819/083055.893:INFO:CONSOLE(3)] "Hotjar not launching due to suspicious userAgent: FishBot-BRAD", source: https://static.hotjar.com/c/hotjar-859227.js?sv=6 (3)
[0819/083056.452:INFO:CONSOLE(0)] "Error with Permissions-Policy header: Unrecognized feature: 'interest-cohort'.", source:  (0)
[0819/083056.821:INFO:CONSOLE(3)] "Hotjar not launching due to suspicious userAgent: FishBot-BRAD", source: https://static.hotjar.com/c/hotjar-859227.js?sv=6 (3)
[0819/083058.295:WARNING:spdy_session.cc(3541)] Received HEADERS for invalid stream 4
[0819/083058.359:INFO:CONSOLE(0)] "Error with Permissions-Policy header: Unrecognized feature: 'interest-cohort'.", source:  (0)
[0819/083059.295:INFO:CONSOLE(0)] "Error with Permissions-Policy header: Unrecognized feature: 'interest-cohort'.", source:  (0)
[0819/083102.557:INFO:CONSOLE(3)] "Hotjar not launching due to suspicious userAgent: FishBot-BRAD", source: https://static.hotjar.com/c/hotjar-859227.js?sv=6 (3)
[0819/083106.642:INFO:CONSOLE(0)] "Error with Permissions-Policy header: Unrecognized feature: 'interest-cohort'.", source:  (0)
[0819/083106.787:INFO:CONSOLE(3)] "Hotjar not launching due to suspicious userAgent: FishBot-BRAD", source: https://static.hotjar.com/c/hotjar-859227.js?sv=6 (3)
[0819/083107.471:INFO:CONSOLE(3)] "Hotjar not launching due to suspicious userAgent: FishBot-BRAD", source: https://static.hotjar.com/c/hotjar-859227.js?sv=6 (3)
[0819/083108.157:INFO:CONSOLE(3)] "Hotjar not launching due to suspicious userAgent: FishBot-BRAD", source: https://static.hotjar.com/c/hotjar-859227.js?sv=6 (3)
[0819/083108.443:INFO:CONSOLE(3)] "Hotjar not launching due to suspicious userAgent: FishBot-BRAD", source: https://static.hotjar.com/c/hotjar-859227.js?sv=6 (3)
[0819/083108.560:INFO:CONSOLE(3)] "Hotjar not launching due to suspicious userAgent: FishBot-BRAD", source: https://static.hotjar.com/c/hotjar-859227.js?sv=6 (3)
[0819/083109.851:INFO:CONSOLE(3)] "Hotjar not launching due to suspicious userAgent: FishBot-BRAD", source: https://static.hotjar.com/c/hotjar-859227.js?sv=6 (3)
[0819/083110.661:INFO:CONSOLE(0)] "Error with Permissions-Policy header: Unrecognized feature: 'interest-cohort'.", source:  (0)
[0819/083112.459:INFO:CONSOLE(3)] "Hotjar not launching due to suspicious userAgent: FishBot-BRAD", source: https://static.hotjar.com/c/hotjar-859227.js?sv=6 (3)
[0819/083113.241:INFO:CONSOLE(3)] "Hotjar not launching due to suspicious userAgent: FishBot-BRAD", source: https://static.hotjar.com/c/hotjar-859227.js?sv=6 (3)
[0819/083113.575:INFO:CONSOLE(3)] "Hotjar not launching due to suspicious userAgent: FishBot-BRAD", source: https://static.hotjar.com/c/hotjar-859227.js?sv=6 (3)
[0819/083114.134:INFO:CONSOLE(3)] "Hotjar not launching due to suspicious userAgent: FishBot-BRAD", source: https://static.hotjar.com/c/hotjar-859227.js?sv=6 (3)
[0819/083114.935:INFO:CONSOLE(0)] "Error with Permissions-Policy header: Unrecognized feature: 'interest-cohort'.", source:  (0)
[0819/083114.986:INFO:CONSOLE(0)] "Error with Permissions-Policy header: Unrecognized feature: 'interest-cohort'.", source:  (0)
[0819/083115.245:INFO:CONSOLE(0)] "Error with Permissions-Policy header: Unrecognized feature: 'interest-cohort'.", source:  (0)
[0819/083115.455:INFO:CONSOLE(0)] "Error with Permissions-Policy header: Unrecognized feature: 'interest-cohort'.", source:  (0)
[0819/083116.179:INFO:CONSOLE(0)] "Error with Permissions-Policy header: Unrecognized feature: 'interest-cohort'.", source:  (0)
[0819/083117.289:INFO:CONSOLE(24)] "[Meta Pixel] - Duplicate Pixel ID: 1489271087955822.", source: https://connect.facebook.net/en_US/fbevents.js (24)
[0819/083117.446:INFO:CONSOLE(3)] "Hotjar not launching due to suspicious userAgent: FishBot-BRAD", source: https://static.hotjar.com/c/hotjar-859227.js?sv=6 (3)
[0819/083117.507:INFO:CONSOLE(1)] "Reddit Pixel Warning:pixel has already been initialized", source: https://www.redditstatic.com/ads/pixel.js (1)
[0819/083119.864:INFO:CONSOLE(0)] "Error with Permissions-Policy header: Unrecognized feature: 'interest-cohort'.", source:  (0)
[0819/083120.937:INFO:CONSOLE(0)] "Error with Permissions-Policy header: Unrecognized feature: 'interest-cohort'.", source:  (0)
[0819/083120.944:INFO:CONSOLE(0)] "Error with Permissions-Policy header: Unrecognized feature: 'interest-cohort'.", source:  (0)
[0819/083120.948:INFO:CONSOLE(0)] "Error with Permissions-Policy header: Unrecognized feature: 'interest-cohort'.", source:  (0)
[0819/083121.027:INFO:CONSOLE(0)] "Error with Permissions-Policy header: Unrecognized feature: 'interest-cohort'.", source:  (0)
[0819/083121.557:INFO:CONSOLE(0)] "Error with Permissions-Policy header: Unrecognized feature: 'interest-cohort'.", source:  (0)
[0819/083123.763:INFO:CONSOLE(24)] "[Meta Pixel] - Duplicate Pixel ID: 1489271087955822.", source: https://connect.facebook.net/en_US/fbevents.js (24)
[0819/083123.946:INFO:CONSOLE(1)] "Reddit Pixel Warning:pixel has already been initialized", source: https://www.redditstatic.com/ads/pixel.js (1)
[0819/083124.868:INFO:CONSOLE(0)] "Error with Permissions-Policy header: Unrecognized feature: 'interest-cohort'.", source:  (0)
[0819/083125.308:INFO:CONSOLE(24)] "[Meta Pixel] - Duplicate Pixel ID: 1489271087955822.", source: https://connect.facebook.net/en_US/fbevents.js (24)
[0819/083125.477:INFO:CONSOLE(1)] "Reddit Pixel Warning:pixel has already been initialized", source: https://www.redditstatic.com/ads/pixel.js (1)
[0819/083125.863:INFO:CONSOLE(0)] "Error with Permissions-Policy header: Unrecognized feature: 'interest-cohort'.", source:  (0)
[0819/083126.057:INFO:CONSOLE(24)] "[Meta Pixel] - Duplicate Pixel ID: 1489271087955822.", source: https://connect.facebook.net/en_US/fbevents.js (24)
[0819/083126.284:INFO:CONSOLE(1)] "Reddit Pixel Warning:pixel has already been initialized", source: https://www.redditstatic.com/ads/pixel.js (1)
[0819/083126.569:INFO:CONSOLE(0)] "Error with Permissions-Policy header: Unrecognized feature: 'interest-cohort'.", source:  (0)
[0819/083128.554:INFO:CONSOLE(24)] "[Meta Pixel] - Duplicate Pixel ID: 1489271087955822.", source: https://connect.facebook.net/en_US/fbevents.js (24)
[0819/083128.629:INFO:CONSOLE(1)] "Reddit Pixel Warning:pixel has already been initialized", source: https://www.redditstatic.com/ads/pixel.js (1)
[0819/083128.781:INFO:CONSOLE(0)] "Error with Permissions-Policy header: Unrecognized feature: 'interest-cohort'.", source:  (0)
[0819/083130.848:INFO:CONSOLE(1)] "Reddit Pixel Warning:pixel has already been initialized", source: https://www.redditstatic.com/ads/pixel.js (1)
[0819/083130.924:INFO:CONSOLE(215)] "Connecting", source: https://www.fisherinvestments.com/en-us/campaigns/7shi/gw/form (215)
[0819/083131.028:INFO:CONSOLE(24)] "[Meta Pixel] - Duplicate Pixel ID: 1489271087955822.", source: https://connect.facebook.net/en_US/fbevents.js (24)
[0819/083131.174:INFO:CONSOLE(0)] "Error with Permissions-Policy header: Unrecognized feature: 'interest-cohort'.", source:  (0)
[0819/083131.426:INFO:CONSOLE(1)] "Reddit Pixel Warning:pixel has already been initialized", source: https://www.redditstatic.com/ads/pixel.js (1)
[0819/083131.820:INFO:CONSOLE(0)] "Error with Permissions-Policy header: Unrecognized feature: 'interest-cohort'.", source:  (0)
[0819/083132.033:INFO:CONSOLE(24)] "[Meta Pixel] - Duplicate Pixel ID: 1489271087955822.", source: https://connect.facebook.net/en_US/fbevents.js (24)
[0819/083132.162:INFO:CONSOLE(1)] "Reddit Pixel Warning:pixel has already been initialized", source: https://www.redditstatic.com/ads/pixel.js (1)
[0819/083132.470:INFO:CONSOLE(24)] "[Meta Pixel] - Duplicate Pixel ID: 1489271087955822.", source: https://connect.facebook.net/en_US/fbevents.js (24)
[0819/083132.746:INFO:CONSOLE(1)] "Reddit Pixel Warning:pixel has already been initialized", source: https://www.redditstatic.com/ads/pixel.js (1)
[0819/083132.874:INFO:CONSOLE(0)] "Error with Permissions-Policy header: Unrecognized feature: 'interest-cohort'.", source:  (0)
[0819/083133.215:INFO:CONSOLE(24)] "[Meta Pixel] - Duplicate Pixel ID: 1489271087955822.", source: https://connect.facebook.net/en_US/fbevents.js (24)
[0819/083133.459:INFO:CONSOLE(0)] "Error with Permissions-Policy header: Unrecognized feature: 'interest-cohort'.", source:  (0)
[0819/083133.611:INFO:CONSOLE(1)] "Reddit Pixel Warning:pixel has already been initialized", source: https://www.redditstatic.com/ads/pixel.js (1)
[0819/083133.853:INFO:CONSOLE(24)] "[Meta Pixel] - Duplicate Pixel ID: 1489271087955822.", source: https://connect.facebook.net/en_US/fbevents.js (24)
[0819/083133.964:INFO:CONSOLE(1)] "Reddit Pixel Warning:pixel has already been initialized", source: https://www.redditstatic.com/ads/pixel.js (1)
[0819/083133.992:INFO:CONSOLE(24)] "[Meta Pixel] - Duplicate Pixel ID: 1489271087955822.", source: https://connect.facebook.net/en_US/fbevents.js (24)
[0819/083134.309:INFO:CONSOLE(1)] "Reddit Pixel Warning:pixel has already been initialized", source: https://www.redditstatic.com/ads/pixel.js (1)
[0819/083134.620:INFO:CONSOLE(24)] "[Meta Pixel] - Duplicate Pixel ID: 1489271087955822.", source: https://connect.facebook.net/en_US/fbevents.js (24)
[0819/083134.806:INFO:CONSOLE(1)] "Reddit Pixel Warning:pixel has already been initialized", source: https://www.redditstatic.com/ads/pixel.js (1)
[0819/083134.813:INFO:CONSOLE(0)] "Error with Permissions-Policy header: Unrecognized feature: 'interest-cohort'.", source:  (0)
[0819/083135.314:INFO:CONSOLE(24)] "[Meta Pixel] - Duplicate Pixel ID: 1489271087955822.", source: https://connect.facebook.net/en_US/fbevents.js (24)
[0819/083135.593:INFO:CONSOLE(1)] "Reddit Pixel Warning:pixel has already been initialized", source: https://www.redditstatic.com/ads/pixel.js (1)
[0819/083135.630:INFO:CONSOLE(0)] "Error with Permissions-Policy header: Unrecognized feature: 'interest-cohort'.", source:  (0)
[0819/083135.788:INFO:CONSOLE(0)] "Error with Permissions-Policy header: Unrecognized feature: 'interest-cohort'.", source:  (0)
[0819/083135.868:INFO:CONSOLE(0)] "Error with Permissions-Policy header: Unrecognized feature: 'interest-cohort'.", source:  (0)
[0819/083136.409:INFO:CONSOLE(24)] "[Meta Pixel] - Duplicate Pixel ID: 1489271087955822.", source: https://connect.facebook.net/en_US/fbevents.js (24)
[0819/083136.581:INFO:CONSOLE(1)] "Reddit Pixel Warning:pixel has already been initialized", source: https://www.redditstatic.com/ads/pixel.js (1)
[0819/083137.192:INFO:CONSOLE(24)] "[Meta Pixel] - Duplicate Pixel ID: 1489271087955822.", source: https://connect.facebook.net/en_US/fbevents.js (24)
[0819/083137.291:INFO:CONSOLE(0)] "Error with Permissions-Policy header: Unrecognized feature: 'interest-cohort'.", source:  (0)
[0819/083137.335:INFO:CONSOLE(1)] "Reddit Pixel Warning:pixel has already been initialized", source: https://www.redditstatic.com/ads/pixel.js (1)
[0819/083137.815:INFO:CONSOLE(24)] "[Meta Pixel] - Duplicate Pixel ID: 1489271087955822.", source: https://connect.facebook.net/en_US/fbevents.js (24)
[0819/083138.106:INFO:CONSOLE(0)] "Error with Permissions-Policy header: Unrecognized feature: 'interest-cohort'.", source:  (0)
[0819/083138.119:INFO:CONSOLE(1)] "Reddit Pixel Warning:pixel has already been initialized", source: https://www.redditstatic.com/ads/pixel.js (1)
[0819/083138.491:INFO:CONSOLE(0)] "Error with Permissions-Policy header: Unrecognized feature: 'interest-cohort'.", source:  (0)
[0819/083139.236:INFO:CONSOLE(1)] "Reddit Pixel Warning:pixel has already been initialized", source: https://www.redditstatic.com/ads/pixel.js (1)
[0819/083139.347:INFO:CONSOLE(215)] "Connecting", source: https://www.fisherinvestments.com/en-us/campaigns/fpmf/lq/form (215)
[0819/083139.444:INFO:CONSOLE(1)] "Reddit Pixel Warning:pixel has already been initialized", source: https://www.redditstatic.com/ads/pixel.js (1)
[0819/083139.459:INFO:CONSOLE(0)] "Error with Permissions-Policy header: Unrecognized feature: 'interest-cohort'.", source:  (0)
[0819/083139.662:INFO:CONSOLE(215)] "Connecting", source: https://www.fisherinvestments.com/en-us/campaigns/igcr/dt/form (215)
[0819/083139.945:INFO:CONSOLE(0)] "Error with Permissions-Policy header: Unrecognized feature: 'interest-cohort'.", source:  (0)
[0819/083140.139:INFO:CONSOLE(0)] "Error with Permissions-Policy header: Unrecognized feature: 'interest-cohort'.", source:  (0)
[0819/083140.869:INFO:CONSOLE(1)] "Reddit Pixel Warning:pixel has already been initialized", source: https://www.redditstatic.com/ads/pixel.js (1)
[0819/083140.894:INFO:CONSOLE(215)] "Connecting", source: https://www.fisherinvestments.com/en-us/campaigns/ebm/ll/form (215)
[0819/083141.079:INFO:CONSOLE(0)] "Error with Permissions-Policy header: Unrecognized feature: 'interest-cohort'.", source:  (0)
[0819/083141.478:INFO:CONSOLE(1)] "Reddit Pixel Warning:pixel has already been initialized", source: https://www.redditstatic.com/ads/pixel.js (1)
[0819/083141.506:INFO:CONSOLE(215)] "Connecting", source: https://www.fisherinvestments.com/en-us/campaigns/7shi/gw/form (215)
[0819/083141.740:INFO:CONSOLE(0)] "Error with Permissions-Policy header: Unrecognized feature: 'interest-cohort'.", source:  (0)
[0819/083143.334:INFO:CONSOLE(1)] "Reddit Pixel Warning:pixel has already been initialized", source: https://www.redditstatic.com/ads/pixel.js (1)
[0819/083143.379:INFO:CONSOLE(215)] "Connecting", source: https://www.fisherinvestments.com/en-us/campaigns/ai/lb/form (215)
[0819/083143.515:INFO:CONSOLE(0)] "Error with Permissions-Policy header: Unrecognized feature: 'interest-cohort'.", source:  (0)
[0819/083144.849:INFO:CONSOLE(1)] "Reddit Pixel Warning:pixel has already been initialized", source: https://www.redditstatic.com/ads/pixel.js (1)
[0819/083144.928:INFO:CONSOLE(215)] "Connecting", source: https://www.fisherinvestments.com/en-us/campaigns/air/lx/form (215)
[0819/083145.202:INFO:CONSOLE(0)] "Error with Permissions-Policy header: Unrecognized feature: 'interest-cohort'.", source:  (0)
[0819/083146.264:INFO:CONSOLE(1)] "Reddit Pixel Warning:pixel has already been initialized", source: https://www.redditstatic.com/ads/pixel.js (1)
[0819/083146.354:INFO:CONSOLE(215)] "Connecting", source: https://www.fisherinvestments.com/en-us/campaigns/14rr/qa/form (215)
[0819/083146.581:INFO:CONSOLE(0)] "Error with Permissions-Policy header: Unrecognized feature: 'interest-cohort'.", source:  (0)
[0819/083147.230:INFO:CONSOLE(1)] "Reddit Pixel Warning:pixel has already been initialized", source: https://www.redditstatic.com/ads/pixel.js (1)
[0819/083147.313:INFO:CONSOLE(215)] "Connecting", source: https://www.fisherinvestments.com/en-us/campaigns/9rpm/fw/form (215)
[0819/083147.462:INFO:CONSOLE(1)] "Reddit Pixel Warning:pixel has already been initialized", source: https://www.redditstatic.com/ads/pixel.js (1)
[0819/083147.625:INFO:CONSOLE(215)] "Connecting", source: https://www.fisherinvestments.com/en-us/campaigns/13rb/lm/form (215)
[0819/083147.874:INFO:CONSOLE(0)] "Error with Permissions-Policy header: Unrecognized feature: 'interest-cohort'.", source:  (0)
[0819/083147.965:INFO:CONSOLE(1)] "Reddit Pixel Warning:pixel has already been initialized", source: https://www.redditstatic.com/ads/pixel.js (1)
[0819/083148.065:INFO:CONSOLE(215)] "Connecting", source: https://www.fisherinvestments.com/en-us/campaigns/ebm/ll/form (215)
[0819/083148.075:INFO:CONSOLE(0)] "Error with Permissions-Policy header: Unrecognized feature: 'interest-cohort'.", source:  (0)
[0819/083148.793:INFO:CONSOLE(0)] "Error with Permissions-Policy header: Unrecognized feature: 'interest-cohort'.", source:  (0)
[0819/083149.323:INFO:CONSOLE(1)] "Reddit Pixel Warning:pixel has already been initialized", source: https://www.redditstatic.com/ads/pixel.js (1)
[0819/083149.403:INFO:CONSOLE(215)] "Connecting", source: https://www.fisherinvestments.com/en-us/campaigns/fpmf/lq/form (215)
[0819/083149.855:INFO:CONSOLE(0)] "Error with Permissions-Policy header: Unrecognized feature: 'interest-cohort'.", source:  (0)
[0819/083149.956:INFO:CONSOLE(1)] "Reddit Pixel Warning:pixel has already been initialized", source: https://www.redditstatic.com/ads/pixel.js (1)
[0819/083150.048:INFO:CONSOLE(215)] "Connecting", source: https://www.fisherinvestments.com/en-us/campaigns/ynw/lh/form (215)
[0819/083150.344:INFO:CONSOLE(0)] "Error with Permissions-Policy header: Unrecognized feature: 'interest-cohort'.", source:  (0)
[0819/083150.757:INFO:CONSOLE(1)] "Reddit Pixel Warning:pixel has already been initialized", source: https://www.redditstatic.com/ads/pixel.js (1)
[0819/083150.813:INFO:CONSOLE(215)] "Connecting", source: https://www.fisherinvestments.com/en-us/campaigns/igep/gj/form (215)
[0819/083151.327:INFO:CONSOLE(1)] "Reddit Pixel Warning:pixel has already been initialized", source: https://www.redditstatic.com/ads/pixel.js (1)
[0819/083151.368:INFO:CONSOLE(215)] "Connecting", source: https://www.fisherinvestments.com/en-us/campaigns/hphc/he/form (215)
[0819/083151.817:INFO:CONSOLE(0)] "Error with Permissions-Policy header: Unrecognized feature: 'interest-cohort'.", source:  (0)
[0819/083152.172:INFO:CONSOLE(1)] "Reddit Pixel Warning:pixel has already been initialized", source: https://www.redditstatic.com/ads/pixel.js (1)
[0819/083152.270:INFO:CONSOLE(215)] "Connecting", source: https://www.fisherinvestments.com/en-us/campaigns/99rt/la/form (215)
[0819/083152.410:INFO:CONSOLE(1)] "Reddit Pixel Warning:pixel has already been initialized", source: https://www.redditstatic.com/ads/pixel.js (1)
[0819/083152.528:INFO:CONSOLE(215)] "Connecting", source: https://www.fisherinvestments.com/en-us/campaigns/iamr/lv/form (215)
[0819/083152.871:INFO:CONSOLE(0)] "Error with Permissions-Policy header: Unrecognized feature: 'interest-cohort'.", source:  (0)
[0819/083152.992:INFO:CONSOLE(0)] "Error with Permissions-Policy header: Unrecognized feature: 'interest-cohort'.", source:  (0)
[0819/083153.156:INFO:CONSOLE(0)] "Error with Permissions-Policy header: Unrecognized feature: 'interest-cohort'.", source:  (0)
[0819/083153.200:INFO:CONSOLE(1)] "Reddit Pixel Warning:pixel has already been initialized", source: https://www.redditstatic.com/ads/pixel.js (1)
[0819/083153.381:INFO:CONSOLE(215)] "Connecting", source: https://www.fisherinvestments.com/en-us/campaigns/fmr/ld/form?PC=PLACEMENTX&CC=XXXX&utm_campaign=qa (215)
[0819/083153.405:INFO:CONSOLE(1)] "Reddit Pixel Warning:pixel has already been initialized", source: https://www.redditstatic.com/ads/pixel.js (1)
[0819/083153.484:INFO:CONSOLE(215)] "Connecting", source: https://www.fisherinvestments.com/en-us/campaigns/7shi/gw/form (215)
[0819/083153.982:INFO:CONSOLE(0)] "Error with Permissions-Policy header: Unrecognized feature: 'interest-cohort'.", source:  (0)
[0819/083154.179:INFO:CONSOLE(0)] "Error with Permissions-Policy header: Unrecognized feature: 'interest-cohort'.", source:  (0)
[0819/083154.577:INFO:CONSOLE(1)] "Reddit Pixel Warning:pixel has already been initialized", source: https://www.redditstatic.com/ads/pixel.js (1)
[0819/083154.661:INFO:CONSOLE(215)] "Connecting", source: https://www.fisherinvestments.com/en-us/campaigns/wtr/ln/form (215)
[0819/083154.995:INFO:CONSOLE(1)] "Reddit Pixel Warning:pixel has already been initialized", source: https://www.redditstatic.com/ads/pixel.js (1)
[0819/083155.026:INFO:CONSOLE(0)] "Error with Permissions-Policy header: Unrecognized feature: 'interest-cohort'.", source:  (0)
[0819/083155.076:INFO:CONSOLE(215)] "Connecting", source: https://www.fisherinvestments.com/en-us/campaigns/igcr/dt/form (215)
[0819/083155.825:INFO:CONSOLE(1)] "Reddit Pixel Warning:pixel has already been initialized", source: https://www.redditstatic.com/ads/pixel.js (1)
[0819/083155.906:INFO:CONSOLE(215)] "Connecting", source: https://www.fisherinvestments.com/en-us/campaigns/air/lx/form (215)
[0819/083156.206:INFO:CONSOLE(0)] "Error with Permissions-Policy header: Unrecognized feature: 'interest-cohort'.", source:  (0)
[0819/083156.338:INFO:CONSOLE(0)] "Error with Permissions-Policy header: Unrecognized feature: 'interest-cohort'.", source:  (0)
[0819/083156.810:INFO:CONSOLE(1)] "Reddit Pixel Warning:pixel has already been initialized", source: https://www.redditstatic.com/ads/pixel.js (1)
[0819/083156.915:INFO:CONSOLE(215)] "Connecting", source: https://www.fisherinvestments.com/en-us/campaigns/ai/lb/form (215)
[0819/083157.184:INFO:CONSOLE(1)] "Reddit Pixel Warning:pixel has already been initialized", source: https://www.redditstatic.com/ads/pixel.js (1)
[0819/083157.261:INFO:CONSOLE(0)] "Error with Permissions-Policy header: Unrecognized feature: 'interest-cohort'.", source:  (0)
[0819/083157.300:INFO:CONSOLE(215)] "Connecting", source: https://www.fisherinvestments.com/en-us/campaigns/fpmf/lq/form (215)
[0819/083157.636:INFO:CONSOLE(0)] "Error with Permissions-Policy header: Unrecognized feature: 'interest-cohort'.", source:  (0)
[0819/083157.973:INFO:CONSOLE(1)] "Reddit Pixel Warning:pixel has already been initialized", source: https://www.redditstatic.com/ads/pixel.js (1)
[0819/083158.125:INFO:CONSOLE(1)] "Reddit Pixel Warning:pixel has already been initialized", source: https://www.redditstatic.com/ads/pixel.js (1)
[0819/083158.125:INFO:CONSOLE(215)] "Connecting", source: https://www.fisherinvestments.com/en-us/campaigns/13rb/lm/form (215)
[0819/083158.312:INFO:CONSOLE(215)] "Connecting", source: https://www.fisherinvestments.com/en-us/campaigns/14rr/qa/form (215)
[0819/083158.590:INFO:CONSOLE(0)] "Error with Permissions-Policy header: Unrecognized feature: 'interest-cohort'.", source:  (0)
[0819/083158.795:INFO:CONSOLE(1)] "Reddit Pixel Warning:pixel has already been initialized", source: https://www.redditstatic.com/ads/pixel.js (1)
[0819/083158.913:INFO:CONSOLE(215)] "Connecting", source: https://www.fisherinvestments.com/en-us/campaigns/ynw/lh/form (215)
[0819/083159.026:INFO:CONSOLE(1)] "Reddit Pixel Warning:pixel has already been initialized", source: https://www.redditstatic.com/ads/pixel.js (1)
[0819/083159.263:INFO:CONSOLE(215)] "Connecting", source: https://www.fisherinvestments.com/en-us/campaigns/ebm/ll/form (215)
[0819/083159.660:INFO:CONSOLE(0)] "Error with Permissions-Policy header: Unrecognized feature: 'interest-cohort'.", source:  (0)
[0819/083159.815:INFO:CONSOLE(1)] "Reddit Pixel Warning:pixel has already been initialized", source: https://www.redditstatic.com/ads/pixel.js (1)
[0819/083159.877:INFO:CONSOLE(0)] "Error with Permissions-Policy header: Unrecognized feature: 'interest-cohort'.", source:  (0)
[0819/083159.900:INFO:CONSOLE(215)] "Connecting", source: https://www.fisherinvestments.com/en-us/campaigns/9rpm/fw/form (215)
[0819/083200.210:INFO:CONSOLE(0)] "Error with Permissions-Policy header: Unrecognized feature: 'interest-cohort'.", source:  (0)
[0819/083200.757:INFO:CONSOLE(1)] "Reddit Pixel Warning:pixel has already been initialized", source: https://www.redditstatic.com/ads/pixel.js (1)
[0819/083200.897:INFO:CONSOLE(215)] "Connecting", source: https://www.fisherinvestments.com/en-us/campaigns/igep/gj/form (215)
[0819/083201.371:INFO:CONSOLE(0)] "Error with Permissions-Policy header: Unrecognized feature: 'interest-cohort'.", source:  (0)
[0819/083201.758:INFO:CONSOLE(1)] "Reddit Pixel Warning:pixel has already been initialized", source: https://www.redditstatic.com/ads/pixel.js (1)
[0819/083201.891:INFO:CONSOLE(215)] "Connecting", source: https://www.fisherinvestments.com/en-us/campaigns/7shi/gw/form (215)
[0819/083202.306:INFO:CONSOLE(1)] "Reddit Pixel Warning:pixel has already been initialized", source: https://www.redditstatic.com/ads/pixel.js (1)
[0819/083202.407:INFO:CONSOLE(215)] "Connecting", source: https://www.fisherinvestments.com/en-us/campaigns/iamr/lv/form (215)
[0819/083202.704:INFO:CONSOLE(0)] "Error with Permissions-Policy header: Unrecognized feature: 'interest-cohort'.", source:  (0)
[0819/083202.727:INFO:CONSOLE(1)] "Reddit Pixel Warning:pixel has already been initialized", source: https://www.redditstatic.com/ads/pixel.js (1)
[0819/083203.060:INFO:CONSOLE(215)] "Connecting", source: https://www.fisherinvestments.com/en-us/campaigns/99rt/la/form (215)
[0819/083203.160:INFO:CONSOLE(0)] "Error with Permissions-Policy header: Unrecognized feature: 'interest-cohort'.", source:  (0)
[0819/083203.431:INFO:CONSOLE(1)] "Reddit Pixel Warning:pixel has already been initialized", source: https://www.redditstatic.com/ads/pixel.js (1)
[0819/083203.440:INFO:CONSOLE(1)] "Reddit Pixel Warning:pixel has already been initialized", source: https://www.redditstatic.com/ads/pixel.js (1)
[0819/083203.544:INFO:CONSOLE(0)] "Error with Permissions-Policy header: Unrecognized feature: 'interest-cohort'.", source:  (0)
[0819/083203.692:INFO:CONSOLE(215)] "Connecting", source: https://www.fisherinvestments.com/en-us/campaigns/wtr/ln/form (215)
[0819/083203.700:INFO:CONSOLE(215)] "Connecting", source: https://www.fisherinvestments.com/en-us/campaigns/fmr/ld/form?PC=PLACEMENTX&CC=XXXX&utm_campaign=qa (215)
[0819/083203.952:INFO:CONSOLE(0)] "Error with Permissions-Policy header: Unrecognized feature: 'interest-cohort'.", source:  (0)
[0819/083204.595:INFO:CONSOLE(0)] "Error with Permissions-Policy header: Unrecognized feature: 'interest-cohort'.", source:  (0)
[0819/083204.890:INFO:CONSOLE(1)] "Reddit Pixel Warning:pixel has already been initialized", source: https://www.redditstatic.com/ads/pixel.js (1)
[0819/083204.988:INFO:CONSOLE(215)] "Connecting", source: https://www.fisherinvestments.com/en-us/campaigns/hphc/he/form (215)
[0819/083204.996:INFO:CONSOLE(1)] "Reddit Pixel Warning:pixel has already been initialized", source: https://www.redditstatic.com/ads/pixel.js (1)
[0819/083205.208:INFO:CONSOLE(0)] "Error with Permissions-Policy header: Unrecognized feature: 'interest-cohort'.", source:  (0)
[0819/083205.258:INFO:CONSOLE(215)] "Connecting", source: https://www.fisherinvestments.com/en-us/campaigns/igcr/dt/form (215)
[0819/083206.046:INFO:CONSOLE(1)] "Reddit Pixel Warning:pixel has already been initialized", source: https://www.redditstatic.com/ads/pixel.js (1)
[0819/083206.123:INFO:CONSOLE(215)] "Connecting", source: https://www.fisherinvestments.com/en-us/campaigns/ebm/ll/form (215)
[0819/083206.168:INFO:CONSOLE(0)] "Error with Permissions-Policy header: Unrecognized feature: 'interest-cohort'.", source:  (0)
[0819/083206.386:INFO:CONSOLE(0)] "Error with Permissions-Policy header: Unrecognized feature: 'interest-cohort'.", source:  (0)
[0819/083206.762:INFO:CONSOLE(0)] "Error with Permissions-Policy header: Unrecognized feature: 'interest-cohort'.", source:  (0)
[0819/083207.075:INFO:CONSOLE(1)] "Reddit Pixel Warning:pixel has already been initialized", source: https://www.redditstatic.com/ads/pixel.js (1)
[0819/083207.154:INFO:CONSOLE(215)] "Connecting", source: https://www.fisherinvestments.com/en-us/campaigns/ai/lb/form (215)
[0819/083207.337:INFO:CONSOLE(1)] "Reddit Pixel Warning:pixel has already been initialized", source: https://www.redditstatic.com/ads/pixel.js (1)
[0819/083207.579:INFO:CONSOLE(215)] "Connecting", source: https://www.fisherinvestments.com/en-us/campaigns/fpmf/lq/form (215)
[0819/083207.795:INFO:CONSOLE(0)] "Error with Permissions-Policy header: Unrecognized feature: 'interest-cohort'.", source:  (0)
[0819/083208.024:INFO:CONSOLE(1)] "Reddit Pixel Warning:pixel has already been initialized", source: https://www.redditstatic.com/ads/pixel.js (1)
[0819/083208.127:INFO:CONSOLE(215)] "Connecting", source: https://www.fisherinvestments.com/en-us/campaigns/air/lx/form (215)
[0819/083208.551:INFO:CONSOLE(1)] "Reddit Pixel Warning:pixel has already been initialized", source: https://www.redditstatic.com/ads/pixel.js (1)
[0819/083208.602:INFO:CONSOLE(215)] "Connecting", source: https://www.fisherinvestments.com/en-us/campaigns/14rr/qa/form (215)
[0819/083208.878:INFO:CONSOLE(0)] "Error with Permissions-Policy header: Unrecognized feature: 'interest-cohort'.", source:  (0)
[0819/083209.381:INFO:CONSOLE(0)] "Error with Permissions-Policy header: Unrecognized feature: 'interest-cohort'.", source:  (0)
[0819/083209.875:INFO:CONSOLE(1)] "Reddit Pixel Warning:pixel has already been initialized", source: https://www.redditstatic.com/ads/pixel.js (1)
[0819/083209.929:INFO:CONSOLE(215)] "Connecting", source: https://www.fisherinvestments.com/en-us/campaigns/9rpm/fw/form (215)
[0819/083210.301:INFO:CONSOLE(1)] "Reddit Pixel Warning:pixel has already been initialized", source: https://www.redditstatic.com/ads/pixel.js (1)
[0819/083210.310:INFO:CONSOLE(0)] "Error with Permissions-Policy header: Unrecognized feature: 'interest-cohort'.", source:  (0)
[0819/083210.393:INFO:CONSOLE(215)] "Connecting", source: https://www.fisherinvestments.com/en-us/campaigns/ynw/lh/form (215)
[0819/083210.774:INFO:CONSOLE(1)] "Reddit Pixel Warning:pixel has already been initialized", source: https://www.redditstatic.com/ads/pixel.js (1)
[0819/083210.855:INFO:CONSOLE(215)] "Connecting", source: https://www.fisherinvestments.com/en-us/campaigns/13rb/lm/form (215)
[0819/083211.027:INFO:CONSOLE(0)] "Error with Permissions-Policy header: Unrecognized feature: 'interest-cohort'.", source:  (0)
[0819/083211.243:INFO:CONSOLE(0)] "Error with Permissions-Policy header: Unrecognized feature: 'interest-cohort'.", source:  (0)
[0819/083211.347:INFO:CONSOLE(1)] "Reddit Pixel Warning:pixel has already been initialized", source: https://www.redditstatic.com/ads/pixel.js (1)
[0819/083211.467:INFO:CONSOLE(215)] "Connecting", source: https://www.fisherinvestments.com/en-us/campaigns/iamr/lv/form (215)
[0819/083211.885:INFO:CONSOLE(0)] "Error with Permissions-Policy header: Unrecognized feature: 'interest-cohort'.", source:  (0)
[0819/083212.243:INFO:CONSOLE(1)] "Reddit Pixel Warning:pixel has already been initialized", source: https://www.redditstatic.com/ads/pixel.js (1)
[0819/083212.293:INFO:CONSOLE(215)] "Connecting", source: https://www.fisherinvestments.com/en-us/campaigns/7shi/gw/form (215)
[0819/083212.472:INFO:CONSOLE(0)] "Error with Permissions-Policy header: Unrecognized feature: 'interest-cohort'.", source:  (0)
[0819/083212.650:INFO:CONSOLE(1)] "Reddit Pixel Warning:pixel has already been initialized", source: https://www.redditstatic.com/ads/pixel.js (1)
[0819/083212.707:INFO:CONSOLE(215)] "Connecting", source: https://www.fisherinvestments.com/en-us/campaigns/fmr/ld/form?PC=PLACEMENTX&CC=XXXX&utm_campaign=qa (215)
[0819/083212.847:INFO:CONSOLE(0)] "Error with Permissions-Policy header: Unrecognized feature: 'interest-cohort'.", source:  (0)
[0819/083213.035:INFO:CONSOLE(0)] "Error with Permissions-Policy header: Unrecognized feature: 'interest-cohort'.", source:  (0)
[0819/083213.574:INFO:CONSOLE(1)] "Reddit Pixel Warning:pixel has already been initialized", source: https://www.redditstatic.com/ads/pixel.js (1)
[0819/083213.655:INFO:CONSOLE(215)] "Connecting", source: https://www.fisherinvestments.com/en-us/campaigns/wtr/ln/form (215)
[0819/083213.820:INFO:CONSOLE(0)] "Error with Permissions-Policy header: Unrecognized feature: 'interest-cohort'.", source:  (0)
[0819/083214.294:INFO:CONSOLE(1)] "Reddit Pixel Warning:pixel has already been initialized", source: https://www.redditstatic.com/ads/pixel.js (1)
[0819/083214.334:INFO:CONSOLE(215)] "Connecting", source: https://www.fisherinvestments.com/en-us/campaigns/99rt/la/form (215)
[0819/083214.546:INFO:CONSOLE(0)] "Error with Permissions-Policy header: Unrecognized feature: 'interest-cohort'.", source:  (0)
[0819/083214.811:INFO:CONSOLE(1)] "Reddit Pixel Warning:pixel has already been initialized", source: https://www.redditstatic.com/ads/pixel.js (1)
[0819/083214.890:INFO:CONSOLE(215)] "Connecting", source: https://www.fisherinvestments.com/en-us/campaigns/igep/gj/form (215)
[0819/083215.607:INFO:CONSOLE(0)] "Error with Permissions-Policy header: Unrecognized feature: 'interest-cohort'.", source:  (0)
[0819/083216.175:INFO:CONSOLE(1)] "Reddit Pixel Warning:pixel has already been initialized", source: https://www.redditstatic.com/ads/pixel.js (1)
[0819/083216.251:INFO:CONSOLE(215)] "Connecting", source: https://www.fisherinvestments.com/en-us/campaigns/hphc/he/form (215)
[0819/083216.608:INFO:CONSOLE(1)] "Reddit Pixel Warning:pixel has already been initialized", source: https://www.redditstatic.com/ads/pixel.js (1)
[0819/083216.706:INFO:CONSOLE(215)] "Connecting", source: https://www.fisherinvestments.com/en-us/campaigns/ai/lb/form (215)
[0819/083216.966:INFO:CONSOLE(1)] "Reddit Pixel Warning:pixel has already been initialized", source: https://www.redditstatic.com/ads/pixel.js (1)
[0819/083217.269:INFO:CONSOLE(215)] "Connecting", source: https://www.fisherinvestments.com/en-us/campaigns/fpmf/lq/form (215)
[0819/083217.313:INFO:CONSOLE(0)] "Error with Permissions-Policy header: Unrecognized feature: 'interest-cohort'.", source:  (0)
[0819/083217.429:INFO:CONSOLE(0)] "Error with Permissions-Policy header: Unrecognized feature: 'interest-cohort'.", source:  (0)
[0819/083217.500:INFO:CONSOLE(0)] "Error with Permissions-Policy header: Unrecognized feature: 'interest-cohort'.", source:  (0)
[0819/083217.922:INFO:CONSOLE(1)] "Reddit Pixel Warning:pixel has already been initialized", source: https://www.redditstatic.com/ads/pixel.js (1)
[0819/083218.018:INFO:CONSOLE(1)] "Reddit Pixel Warning:pixel has already been initialized", source: https://www.redditstatic.com/ads/pixel.js (1)
[0819/083218.109:INFO:CONSOLE(215)] "Connecting", source: https://www.fisherinvestments.com/en-us/campaigns/igcr/dt/form (215)
[0819/083218.178:INFO:CONSOLE(215)] "Connecting", source: https://www.fisherinvestments.com/en-us/campaigns/14rr/qa/form (215)
[0819/083218.779:INFO:CONSOLE(1)] "Reddit Pixel Warning:pixel has already been initialized", source: https://www.redditstatic.com/ads/pixel.js (1)
[0819/083218.875:INFO:CONSOLE(215)] "Connecting", source: https://www.fisherinvestments.com/en-us/campaigns/ebm/ll/form (215)
[0819/083219.192:INFO:CONSOLE(1)] "Reddit Pixel Warning:pixel has already been initialized", source: https://www.redditstatic.com/ads/pixel.js (1)
[0819/083219.285:INFO:CONSOLE(1)] "Reddit Pixel Warning:pixel has already been initialized", source: https://www.redditstatic.com/ads/pixel.js (1)
[0819/083219.328:INFO:CONSOLE(215)] "Connecting", source: https://www.fisherinvestments.com/en-us/campaigns/9rpm/fw/form (215)
[0819/083219.425:INFO:CONSOLE(215)] "Connecting", source: https://www.fisherinvestments.com/en-us/campaigns/13rb/lm/form (215)
[0819/083219.779:INFO:CONSOLE(0)] "Error with Permissions-Policy header: Unrecognized feature: 'interest-cohort'.", source:  (0)
[0819/083220.004:INFO:CONSOLE(1)] "Reddit Pixel Warning:pixel has already been initialized", source: https://www.redditstatic.com/ads/pixel.js (1)
[0819/083220.093:INFO:CONSOLE(0)] "Error with Permissions-Policy header: Unrecognized feature: 'interest-cohort'.", source:  (0)
[0819/083220.105:INFO:CONSOLE(215)] "Connecting", source: https://www.fisherinvestments.com/en-us/campaigns/air/lx/form (215)
[0819/083220.730:INFO:CONSOLE(0)] "Error with Permissions-Policy header: Unrecognized feature: 'interest-cohort'.", source:  (0)
[0819/083220.739:INFO:CONSOLE(0)] "Error with Permissions-Policy header: Unrecognized feature: 'interest-cohort'.", source:  (0)
[0819/083220.759:INFO:CONSOLE(0)] "Error with Permissions-Policy header: Unrecognized feature: 'interest-cohort'.", source:  (0)
[0819/083221.187:INFO:CONSOLE(1)] "Reddit Pixel Warning:pixel has already been initialized", source: https://www.redditstatic.com/ads/pixel.js (1)
[0819/083221.235:INFO:CONSOLE(223)] "Disconnecting", source: https://www.fisherinvestments.com/en-us/campaigns/7shi/gw/form (223)
[0819/083221.762:INFO:CONSOLE(0)] "Error with Permissions-Policy header: Unrecognized feature: 'interest-cohort'.", source:  (0)
[0819/083222.010:INFO:CONSOLE(0)] "Error with Permissions-Policy header: Unrecognized feature: 'interest-cohort'.", source:  (0)
[0819/083222.905:INFO:CONSOLE(1)] "Reddit Pixel Warning:pixel has already been initialized", source: https://www.redditstatic.com/ads/pixel.js (1)
[0819/083222.953:INFO:CONSOLE(215)] "Connecting", source: https://www.fisherinvestments.com/en-us/campaigns/ynw/lh/form (215)
[0819/083223.209:INFO:CONSOLE(1)] "Reddit Pixel Warning:pixel has already been initialized", source: https://www.redditstatic.com/ads/pixel.js (1)
[0819/083223.257:INFO:CONSOLE(215)] "Connecting", source: https://www.fisherinvestments.com/en-us/campaigns/fmr/ld/form?PC=PLACEMENTX&CC=XXXX&utm_campaign=qa (215)
[0819/083223.286:INFO:CONSOLE(0)] "Error with Permissions-Policy header: Unrecognized feature: 'interest-cohort'.", source:  (0)
[0819/083223.857:INFO:CONSOLE(0)] "Error with Permissions-Policy header: Unrecognized feature: 'interest-cohort'.", source:  (0)
[0819/083224.012:INFO:CONSOLE(1)] "Reddit Pixel Warning:pixel has already been initialized", source: https://www.redditstatic.com/ads/pixel.js (1)
[0819/083224.094:INFO:CONSOLE(215)] "Connecting", source: https://www.fisherinvestments.com/en-us/campaigns/iamr/lv/form (215)
[0819/083224.578:INFO:CONSOLE(0)] "Error with Permissions-Policy header: Unrecognized feature: 'interest-cohort'.", source:  (0)
[0819/083224.656:INFO:CONSOLE(1)] "Reddit Pixel Warning:pixel has already been initialized", source: https://www.redditstatic.com/ads/pixel.js (1)
[0819/083224.743:INFO:CONSOLE(215)] "Connecting", source: https://www.fisherinvestments.com/en-us/campaigns/igep/gj/form (215)
[0819/083224.992:INFO:CONSOLE(1)] "Reddit Pixel Warning:pixel has already been initialized", source: https://www.redditstatic.com/ads/pixel.js (1)
[0819/083225.053:INFO:CONSOLE(215)] "Connecting", source: https://www.fisherinvestments.com/en-us/campaigns/99rt/la/form (215)
[0819/083225.711:INFO:CONSOLE(0)] "Error with Permissions-Policy header: Unrecognized feature: 'interest-cohort'.", source:  (0)
[0819/083226.126:INFO:CONSOLE(0)] "Error with Permissions-Policy header: Unrecognized feature: 'interest-cohort'.", source:  (0)
[0819/083227.598:INFO:CONSOLE(1)] "Reddit Pixel Warning:pixel has already been initialized", source: https://www.redditstatic.com/ads/pixel.js (1)
[0819/083227.664:INFO:CONSOLE(223)] "Disconnecting", source: https://www.fisherinvestments.com/en-us/campaigns/fpmf/lq/form (223)
[0819/083228.251:INFO:CONSOLE(0)] "Error with Permissions-Policy header: Unrecognized feature: 'interest-cohort'.", source:  (0)
[0819/083229.730:INFO:CONSOLE(1)] "Reddit Pixel Warning:pixel has already been initialized", source: https://www.redditstatic.com/ads/pixel.js (1)
[0819/083229.774:INFO:CONSOLE(215)] "Connecting", source: https://www.fisherinvestments.com/en-us/campaigns/14rr/qa/form (215)
[0819/083230.066:INFO:CONSOLE(0)] "Error with Permissions-Policy header: Unrecognized feature: 'interest-cohort'.", source:  (0)
[0819/083230.459:INFO:CONSOLE(1)] "Reddit Pixel Warning:pixel has already been initialized", source: https://www.redditstatic.com/ads/pixel.js (1)
[0819/083230.544:INFO:CONSOLE(215)] "Connecting", source: https://www.fisherinvestments.com/en-us/campaigns/hphc/he/form (215)
[0819/083230.901:INFO:CONSOLE(1)] "Reddit Pixel Warning:pixel has already been initialized", source: https://www.redditstatic.com/ads/pixel.js (1)
[0819/083230.976:INFO:CONSOLE(215)] "Connecting", source: https://www.fisherinvestments.com/en-us/campaigns/13rb/lm/form (215)
[0819/083231.093:INFO:CONSOLE(1)] "Reddit Pixel Warning:pixel has already been initialized", source: https://www.redditstatic.com/ads/pixel.js (1)
[0819/083231.143:INFO:CONSOLE(0)] "Error with Permissions-Policy header: Unrecognized feature: 'interest-cohort'.", source:  (0)
[0819/083231.158:INFO:CONSOLE(215)] "Connecting", source: https://www.fisherinvestments.com/en-us/campaigns/ai/lb/form (215)
[0819/083231.708:INFO:CONSOLE(0)] "Error with Permissions-Policy header: Unrecognized feature: 'interest-cohort'.", source:  (0)
[0819/083231.935:INFO:CONSOLE(0)] "Error with Permissions-Policy header: Unrecognized feature: 'interest-cohort'.", source:  (0)
[0819/083232.320:INFO:CONSOLE(1)] "Reddit Pixel Warning:pixel has already been initialized", source: https://www.redditstatic.com/ads/pixel.js (1)
[0819/083232.358:INFO:CONSOLE(1)] "Uncaught SyntaxError: Unexpected end of JSON input", source: https://www.fisherinvestments.com/en-us/campaigns/7shi/gw/form (1)
[0819/083232.397:INFO:CONSOLE(215)] "Connecting", source: https://www.fisherinvestments.com/en-us/campaigns/9rpm/fw/form (215)
[0819/083232.560:INFO:CONSOLE(0)] "Error with Permissions-Policy header: Unrecognized feature: 'interest-cohort'.", source:  (0)
[0819/083233.825:INFO:CONSOLE(1)] "Reddit Pixel Warning:pixel has already been initialized", source: https://www.redditstatic.com/ads/pixel.js (1)
[0819/083233.862:INFO:CONSOLE(215)] "Connecting", source: https://www.fisherinvestments.com/en-us/campaigns/igep/gj/form (215)
[0819/083234.028:INFO:CONSOLE(0)] "Error with Permissions-Policy header: Unrecognized feature: 'interest-cohort'.", source:  (0)
[0819/083234.527:INFO:CONSOLE(1)] "Reddit Pixel Warning:pixel has already been initialized", source: https://www.redditstatic.com/ads/pixel.js (1)
[0819/083234.576:INFO:CONSOLE(215)] "Connecting", source: https://www.fisherinvestments.com/en-us/campaigns/wtr/ln/form (215)
[0819/083235.024:INFO:CONSOLE(1)] "Reddit Pixel Warning:pixel has already been initialized", source: https://www.redditstatic.com/ads/pixel.js (1)
[0819/083235.056:INFO:CONSOLE(215)] "Connecting", source: https://www.fisherinvestments.com/en-us/campaigns/air/lx/form (215)
[0819/083235.189:INFO:CONSOLE(0)] "Error with Permissions-Policy header: Unrecognized feature: 'interest-cohort'.", source:  (0)
[0819/083235.451:INFO:CONSOLE(0)] "Error with Permissions-Policy header: Unrecognized feature: 'interest-cohort'.", source:  (0)
[0819/083236.072:INFO:CONSOLE(1)] "Reddit Pixel Warning:pixel has already been initialized", source: https://www.redditstatic.com/ads/pixel.js (1)
[0819/083236.208:INFO:CONSOLE(215)] "Connecting", source: https://www.fisherinvestments.com/en-us/campaigns/iamr/lv/form (215)
[0819/083236.413:INFO:CONSOLE(0)] "Error with Permissions-Policy header: Unrecognized feature: 'interest-cohort'.", source:  (0)
[0819/083236.746:INFO:CONSOLE(1)] "Uncaught SyntaxError: Unexpected end of JSON input", source: https://www.fisherinvestments.com/en-us/campaigns/fpmf/lq/form (1)
[0819/083236.901:INFO:CONSOLE(1)] "Reddit Pixel Warning:pixel has already been initialized", source: https://www.redditstatic.com/ads/pixel.js (1)
[0819/083236.924:INFO:CONSOLE(1)] "Reddit Pixel Warning:pixel has already been initialized", source: https://www.redditstatic.com/ads/pixel.js (1)
[0819/083236.959:INFO:CONSOLE(223)] "Disconnecting", source: https://www.fisherinvestments.com/en-us/campaigns/14rr/qa/form (223)
[0819/083236.997:INFO:CONSOLE(215)] "Connecting", source: https://www.fisherinvestments.com/en-us/campaigns/ynw/lh/form (215)
[0819/083237.497:INFO:CONSOLE(0)] "Error with Permissions-Policy header: Unrecognized feature: 'interest-cohort'.", source:  (0)
[0819/083237.511:INFO:CONSOLE(0)] "Error with Permissions-Policy header: Unrecognized feature: 'interest-cohort'.", source:  (0)
[0819/083238.154:INFO:CONSOLE(1)] "Reddit Pixel Warning:pixel has already been initialized", source: https://www.redditstatic.com/ads/pixel.js (1)
[0819/083238.217:INFO:CONSOLE(223)] "Disconnecting", source: https://www.fisherinvestments.com/en-us/campaigns/13rb/lm/form (223)
[0819/083238.349:INFO:CONSOLE(1)] "Reddit Pixel Warning:pixel has already been initialized", source: https://www.redditstatic.com/ads/pixel.js (1)
[0819/083238.460:INFO:CONSOLE(215)] "Connecting", source: https://www.fisherinvestments.com/en-us/campaigns/fmr/ld/form?PC=PLACEMENTX&CC=XXXX&utm_campaign=qa (215)
[0819/083238.723:INFO:CONSOLE(0)] "Error with Permissions-Policy header: Unrecognized feature: 'interest-cohort'.", source:  (0)
[0819/083238.833:INFO:CONSOLE(0)] "Error with Permissions-Policy header: Unrecognized feature: 'interest-cohort'.", source:  (0)
[0819/083240.770:INFO:CONSOLE(1)] "Reddit Pixel Warning:pixel has already been initialized", source: https://www.redditstatic.com/ads/pixel.js (1)
[0819/083240.825:INFO:CONSOLE(223)] "Disconnecting", source: https://www.fisherinvestments.com/en-us/campaigns/ai/lb/form (223)
[0819/083240.888:INFO:CONSOLE(1)] "Reddit Pixel Warning:pixel has already been initialized", source: https://www.redditstatic.com/ads/pixel.js (1)
[0819/083240.956:INFO:CONSOLE(215)] "Connecting", source: https://www.fisherinvestments.com/en-us/campaigns/wtr/ln/form (215)
[0819/083241.355:INFO:CONSOLE(0)] "Error with Permissions-Policy header: Unrecognized feature: 'interest-cohort'.", source:  (0)
[0819/083241.416:INFO:CONSOLE(0)] "Error with Permissions-Policy header: Unrecognized feature: 'interest-cohort'.", source:  (0)
[0819/083241.704:INFO:CONSOLE(1)] "Reddit Pixel Warning:pixel has already been initialized", source: https://www.redditstatic.com/ads/pixel.js (1)
[0819/083241.825:INFO:CONSOLE(223)] "Disconnecting", source: https://www.fisherinvestments.com/en-us/campaigns/igep/gj/form (223)
[0819/083242.440:INFO:CONSOLE(0)] "Error with Permissions-Policy header: Unrecognized feature: 'interest-cohort'.", source:  (0)
[0819/083243.576:INFO:CONSOLE(1)] "Reddit Pixel Warning:pixel has already been initialized", source: https://www.redditstatic.com/ads/pixel.js (1)
[0819/083243.641:INFO:CONSOLE(223)] "Disconnecting", source: https://www.fisherinvestments.com/en-us/campaigns/iamr/lv/form (223)
[0819/083243.760:INFO:CONSOLE(1)] "Reddit Pixel Warning:pixel has already been initialized", source: https://www.redditstatic.com/ads/pixel.js (1)
[0819/083244.071:INFO:CONSOLE(215)] "Connecting", source: https://www.fisherinvestments.com/en-us/campaigns/99rt/la/form (215)
[0819/083244.584:INFO:CONSOLE(1)] "Reddit Pixel Warning:pixel has already been initialized", source: https://www.redditstatic.com/ads/pixel.js (1)
[0819/083244.618:INFO:CONSOLE(1)] "Reddit Pixel Warning:pixel has already been initialized", source: https://www.redditstatic.com/ads/pixel.js (1)
[0819/083244.743:INFO:CONSOLE(215)] "Connecting", source: https://www.fisherinvestments.com/en-us/campaigns/hphc/he/form (215)
[0819/083245.203:INFO:CONSOLE(0)] "Error with Permissions-Policy header: Unrecognized feature: 'interest-cohort'.", source:  (0)
[0819/083245.246:INFO:CONSOLE(0)] "Error with Permissions-Policy header: Unrecognized feature: 'interest-cohort'.", source:  (0)
[0819/083245.897:INFO:CONSOLE(1)] "Reddit Pixel Warning:pixel has already been initialized", source: https://www.redditstatic.com/ads/pixel.js (1)
[0819/083246.124:INFO:CONSOLE(223)] "Disconnecting", source: https://www.fisherinvestments.com/en-us/campaigns/ebm/ll/form (223)
[0819/083246.341:INFO:CONSOLE(0)] "Error with Permissions-Policy header: Unrecognized feature: 'interest-cohort'.", source:  (0)
[0819/083246.352:INFO:CONSOLE(0)] "Error with Permissions-Policy header: Unrecognized feature: 'interest-cohort'.", source:  (0)
[0819/083246.582:INFO:CONSOLE(1)] "Reddit Pixel Warning:pixel has already been initialized", source: https://www.redditstatic.com/ads/pixel.js (1)
[0819/083246.641:INFO:CONSOLE(1)] "Reddit Pixel Warning:pixel has already been initialized", source: https://www.redditstatic.com/ads/pixel.js (1)
[0819/083246.725:INFO:CONSOLE(223)] "Disconnecting", source: https://www.fisherinvestments.com/en-us/campaigns/9rpm/fw/form (223)
[0819/083247.202:INFO:CONSOLE(1)] "Reddit Pixel Warning:pixel has already been initialized", source: https://www.redditstatic.com/ads/pixel.js (1)
[0819/083247.293:INFO:CONSOLE(215)] "Connecting", source: https://www.fisherinvestments.com/en-us/campaigns/igcr/dt/form (215)
[0819/083248.296:INFO:CONSOLE(1)] "Reddit Pixel Warning:pixel has already been initialized", source: https://www.redditstatic.com/ads/pixel.js (1)
[0819/083248.304:INFO:CONSOLE(0)] "Error with Permissions-Policy header: Unrecognized feature: 'interest-cohort'.", source:  (0)
[0819/083248.343:INFO:CONSOLE(223)] "Disconnecting", source: https://www.fisherinvestments.com/en-us/campaigns/fmr/ld/form?PC=PLACEMENTX&CC=XXXX&utm_campaign=qa (223)
[0819/083249.428:INFO:CONSOLE(1)] "Reddit Pixel Warning:pixel has already been initialized", source: https://www.redditstatic.com/ads/pixel.js (1)
[0819/083249.555:INFO:CONSOLE(223)] "Disconnecting", source: https://www.fisherinvestments.com/en-us/campaigns/hphc/he/form (223)
[0819/083249.802:INFO:CONSOLE(0)] "Error with Permissions-Policy header: Unrecognized feature: 'interest-cohort'.", source:  (0)
[0819/083249.832:INFO:CONSOLE(0)] "Error with Permissions-Policy header: Unrecognized feature: 'interest-cohort'.", source:  (0)
[0819/083249.929:INFO:CONSOLE(0)] "Error with Permissions-Policy header: Unrecognized feature: 'interest-cohort'.", source:  (0)
[0819/083250.866:INFO:CONSOLE(0)] "Error with Permissions-Policy header: Unrecognized feature: 'interest-cohort'.", source:  (0)
[0819/083250.904:INFO:CONSOLE(0)] "Error with Permissions-Policy header: Unrecognized feature: 'interest-cohort'.", source:  (0)
[0819/083251.178:INFO:CONSOLE(1)] "Reddit Pixel Warning:pixel has already been initialized", source: https://www.redditstatic.com/ads/pixel.js (1)
[0819/083251.349:INFO:CONSOLE(223)] "Disconnecting", source: https://www.fisherinvestments.com/en-us/campaigns/wtr/ln/form (223)
[0819/083251.571:INFO:CONSOLE(1)] "Uncaught SyntaxError: Unexpected end of JSON input", source: https://www.fisherinvestments.com/en-us/campaigns/14rr/qa/form (1)
[0819/083252.121:INFO:CONSOLE(1)] "Uncaught SyntaxError: Unexpected end of JSON input", source: https://www.fisherinvestments.com/en-us/campaigns/13rb/lm/form (1)
[0819/083252.601:INFO:CONSOLE(0)] "Error with Permissions-Policy header: Unrecognized feature: 'interest-cohort'.", source:  (0)
[0819/083252.753:INFO:CONSOLE(1)] "Uncaught SyntaxError: Unexpected end of JSON input", source: https://www.fisherinvestments.com/en-us/campaigns/ai/lb/form (1)
[0819/083254.912:INFO:CONSOLE(1)] "Uncaught SyntaxError: Unexpected end of JSON input", source: https://www.fisherinvestments.com/en-us/campaigns/iamr/lv/form (1)
[0819/083255.016:INFO:CONSOLE(1)] "Uncaught SyntaxError: Unexpected end of JSON input", source: https://www.fisherinvestments.com/en-us/campaigns/igep/gj/form (1)
[0819/083256.775:INFO:CONSOLE(1)] "Uncaught SyntaxError: Unexpected end of JSON input", source: https://www.fisherinvestments.com/en-us/campaigns/9rpm/fw/form (1)
[0819/083257.510:INFO:CONSOLE(1)] "Uncaught SyntaxError: Unexpected end of JSON input", source: https://www.fisherinvestments.com/en-us/campaigns/ebm/ll/form (1)
[0819/083257.712:INFO:CONSOLE(1)] "Uncaught SyntaxError: Unexpected end of JSON input", source: https://www.fisherinvestments.com/en-us/campaigns/fmr/ld/form?PC=PLACEMENTX&CC=XXXX&utm_campaign=qa (1)
[0819/083259.446:INFO:CONSOLE(1)] "Reddit Pixel Warning:pixel has already been initialized", source: https://www.redditstatic.com/ads/pixel.js (1)
[0819/083259.796:INFO:CONSOLE(0)] "Error with Permissions-Policy header: Unrecognized feature: 'interest-cohort'.", source:  (0)
[0819/083259.897:INFO:CONSOLE(1)] "Reddit Pixel Warning:pixel has already been initialized", source: https://www.redditstatic.com/ads/pixel.js (1)
[0819/083300.326:INFO:CONSOLE(0)] "Error with Permissions-Policy header: Unrecognized feature: 'interest-cohort'.", source:  (0)
[0819/083300.383:INFO:CONSOLE(1)] "Uncaught SyntaxError: Unexpected end of JSON input", source: https://www.fisherinvestments.com/en-us/campaigns/hphc/he/form (1)
[0819/083300.879:INFO:CONSOLE(1)] "Reddit Pixel Warning:pixel has already been initialized", source: https://www.redditstatic.com/ads/pixel.js (1)
[0819/083301.499:INFO:CONSOLE(0)] "Error with Permissions-Policy header: Unrecognized feature: 'interest-cohort'.", source:  (0)
[0819/083302.660:INFO:CONSOLE(1)] "Uncaught SyntaxError: Unexpected end of JSON input", source: https://www.fisherinvestments.com/en-us/campaigns/wtr/ln/form (1)
[0819/083302.978:INFO:CONSOLE(1)] "Reddit Pixel Warning:pixel has already been initialized", source: https://www.redditstatic.com/ads/pixel.js (1)
[0819/083303.468:INFO:CONSOLE(0)] "Error with Permissions-Policy header: Unrecognized feature: 'interest-cohort'.", source:  (0)
[0819/083304.549:INFO:CONSOLE(1)] "Reddit Pixel Warning:pixel has already been initialized", source: https://www.redditstatic.com/ads/pixel.js (1)
[0819/083305.713:INFO:CONSOLE(0)] "Error with Permissions-Policy header: Unrecognized feature: 'interest-cohort'.", source:  (0)
[0819/083307.029:INFO:CONSOLE(1)] "Reddit Pixel Warning:pixel has already been initialized", source: https://www.redditstatic.com/ads/pixel.js (1)
[0819/083307.622:INFO:CONSOLE(1)] "Reddit Pixel Warning:pixel has already been initialized", source: https://www.redditstatic.com/ads/pixel.js (1)
[0819/083307.677:INFO:CONSOLE(0)] "Error with Permissions-Policy header: Unrecognized feature: 'interest-cohort'.", source:  (0)
[0819/083308.328:INFO:CONSOLE(1)] "Reddit Pixel Warning:pixel has already been initialized", source: https://www.redditstatic.com/ads/pixel.js (1)
[0819/083308.363:INFO:CONSOLE(0)] "Error with Permissions-Policy header: Unrecognized feature: 'interest-cohort'.", source:  (0)
[0819/083308.388:INFO:CONSOLE(279)] "[object Object]", source: __puppeteer_evaluation_script__ (279)
[0819/083309.220:INFO:CONSOLE(0)] "Error with Permissions-Policy header: Unrecognized feature: 'interest-cohort'.", source:  (0)
[0819/083310.013:INFO:CONSOLE(1)] "Reddit Pixel Warning:pixel has already been initialized", source: https://www.redditstatic.com/ads/pixel.js (1)
[0819/083310.527:INFO:CONSOLE(0)] "Error with Permissions-Policy header: Unrecognized feature: 'interest-cohort'.", source:  (0)
[0819/083310.555:INFO:CONSOLE(3)] "Hotjar not launching due to suspicious userAgent: FishBot-BRAD", source: https://static.hotjar.com/c/hotjar-859227.js?sv=6 (3)
[0819/083311.554:INFO:CONSOLE(3)] "Hotjar not launching due to suspicious userAgent: FishBot-BRAD", source: https://static.hotjar.com/c/hotjar-859227.js?sv=6 (3)
[0819/083311.577:INFO:CONSOLE(279)] "[object Object]", source: __puppeteer_evaluation_script__ (279)
[0819/083311.679:INFO:CONSOLE(1)] "Reddit Pixel Warning:pixel has already been initialized", source: https://www.redditstatic.com/ads/pixel.js (1)
[0819/083311.923:INFO:CONSOLE(0)] "Error with Permissions-Policy header: Unrecognized feature: 'interest-cohort'.", source:  (0)
[0819/083312.093:INFO:CONSOLE(0)] "Error with Permissions-Policy header: Unrecognized feature: 'interest-cohort'.", source:  (0)
[0819/083313.971:INFO:CONSOLE(0)] "Error with Permissions-Policy header: Unrecognized feature: 'interest-cohort'.", source:  (0)
[0819/083315.383:INFO:CONSOLE(3)] "Hotjar not launching due to suspicious userAgent: FishBot-BRAD", source: https://static.hotjar.com/c/hotjar-859227.js?sv=6 (3)
[0819/083315.919:INFO:CONSOLE(0)] "Error with Permissions-Policy header: Unrecognized feature: 'interest-cohort'.", source:  (0)
[0819/083316.782:INFO:CONSOLE(3)] "Hotjar not launching due to suspicious userAgent: FishBot-BRAD", source: https://static.hotjar.com/c/hotjar-859227.js?sv=6 (3)
[0819/083317.284:INFO:CONSOLE(0)] "Error with Permissions-Policy header: Unrecognized feature: 'interest-cohort'.", source:  (0)
[0819/083319.622:INFO:CONSOLE(3)] "Hotjar not launching due to suspicious userAgent: FishBot-BRAD", source: https://static.hotjar.com/c/hotjar-859227.js?sv=6 (3)
[0819/083320.268:INFO:CONSOLE(0)] "Error with Permissions-Policy header: Unrecognized feature: 'interest-cohort'.", source:  (0)
[0819/083320.690:INFO:CONSOLE(3)] "Hotjar not launching due to suspicious userAgent: FishBot-BRAD", source: https://static.hotjar.com/c/hotjar-859227.js?sv=6 (3)
[0819/083322.114:INFO:CONSOLE(279)] "[object Object]", source: __puppeteer_evaluation_script__ (279)
[0819/083323.742:INFO:CONSOLE(0)] "Error with Permissions-Policy header: Unrecognized feature: 'interest-cohort'.", source:  (0)
[0819/083323.824:INFO:CONSOLE(279)] "[object Object]", source: __puppeteer_evaluation_script__ (279)
[0819/083326.769:INFO:CONSOLE(279)] "[object Object]", source: __puppeteer_evaluation_script__ (279)
[0819/083327.715:INFO:CONSOLE(279)] "[object Object]", source: __puppeteer_evaluation_script__ (279)
[0819/083328.574:INFO:CONSOLE(279)] "[object Object]", source: __puppeteer_evaluation_script__ (279)
[0819/083330.496:INFO:CONSOLE(279)] "[object Object]", source: __puppeteer_evaluation_script__ (279)
[0819/083330.705:INFO:CONSOLE(279)] "[object Object]", source: __puppeteer_evaluation_script__ (279)
[0819/083330.866:INFO:CONSOLE(279)] "[object Object]", source: __puppeteer_evaluation_script__ (279)
[0819/083331.152:INFO:CONSOLE(279)] "[object Object]", source: __puppeteer_evaluation_script__ (279)
[0819/083331.727:INFO:CONSOLE(279)] "[object Object]", source: __puppeteer_evaluation_script__ (279)
[0819/083333.114:INFO:CONSOLE(279)] "[object Object]", source: __puppeteer_evaluation_script__ (279)
[0819/083333.334:INFO:CONSOLE(3)] "Hotjar not launching due to suspicious userAgent: FishBot-BRAD", source: https://static.hotjar.com/c/hotjar-859227.js?sv=6 (3)
[0819/083333.703:INFO:CONSOLE(3)] "Hotjar not launching due to suspicious userAgent: FishBot-BRAD", source: https://static.hotjar.com/c/hotjar-859227.js?sv=6 (3)
[0819/083336.077:INFO:CONSOLE(3)] "Hotjar not launching due to suspicious userAgent: FishBot-BRAD", source: https://static.hotjar.com/c/hotjar-859227.js?sv=6 (3)
[0819/083336.250:INFO:CONSOLE(279)] "[object Object]", source: __puppeteer_evaluation_script__ (279)
[0819/083336.668:INFO:CONSOLE(0)] "Error with Permissions-Policy header: Unrecognized feature: 'interest-cohort'.", source:  (0)
[0819/083336.846:INFO:CONSOLE(3)] "Hotjar not launching due to suspicious userAgent: FishBot-BRAD", source: https://static.hotjar.com/c/hotjar-859227.js?sv=6 (3)
[0819/083338.488:INFO:CONSOLE(3)] "Hotjar not launching due to suspicious userAgent: FishBot-BRAD", source: https://static.hotjar.com/c/hotjar-859227.js?sv=6 (3)
[0819/083338.540:INFO:CONSOLE(0)] "Error with Permissions-Policy header: Unrecognized feature: 'interest-cohort'.", source:  (0)
[0819/083338.830:INFO:CONSOLE(0)] "Error with Permissions-Policy header: Unrecognized feature: 'interest-cohort'.", source:  (0)
[0819/083340.208:WARNING:spdy_session.cc(3541)] Received HEADERS for invalid stream 6
[0819/083340.695:INFO:CONSOLE(3)] "Hotjar not launching due to suspicious userAgent: FishBot-BRAD", source: https://static.hotjar.com/c/hotjar-859227.js?sv=6 (3)
[0819/083340.837:INFO:CONSOLE(3)] "Hotjar not launching due to suspicious userAgent: FishBot-BRAD", source: https://static.hotjar.com/c/hotjar-859227.js?sv=6 (3)
[0819/083341.624:INFO:CONSOLE(3)] "Hotjar not launching due to suspicious userAgent: FishBot-BRAD", source: https://static.hotjar.com/c/hotjar-859227.js?sv=6 (3)
[0819/083342.576:INFO:CONSOLE(3)] "Hotjar not launching due to suspicious userAgent: FishBot-BRAD", source: https://static.hotjar.com/c/hotjar-859227.js?sv=6 (3)
[0819/083342.621:INFO:CONSOLE(0)] "Error with Permissions-Policy header: Unrecognized feature: 'interest-cohort'.", source:  (0)
[0819/083343.101:INFO:CONSOLE(0)] "Error with Permissions-Policy header: Unrecognized feature: 'interest-cohort'.", source:  (0)
[0819/083344.247:INFO:CONSOLE(3)] "Hotjar not launching due to suspicious userAgent: FishBot-BRAD", source: https://static.hotjar.com/c/hotjar-859227.js?sv=6 (3)
[0819/083344.750:INFO:CONSOLE(0)] "Error with Permissions-Policy header: Unrecognized feature: 'interest-cohort'.", source:  (0)
[0819/083346.549:INFO:CONSOLE(0)] "Error with Permissions-Policy header: Unrecognized feature: 'interest-cohort'.", source:  (0)
[0819/083346.985:INFO:CONSOLE(0)] "Error with Permissions-Policy header: Unrecognized feature: 'interest-cohort'.", source:  (0)
[0819/083348.437:INFO:CONSOLE(0)] "Error with Permissions-Policy header: Unrecognized feature: 'interest-cohort'.", source:  (0)
[0819/083349.719:INFO:CONSOLE(3)] "Hotjar not launching due to suspicious userAgent: FishBot-BRAD", source: https://static.hotjar.com/c/hotjar-859227.js?sv=6 (3)
[0819/083349.860:INFO:CONSOLE(3)] "Hotjar not launching due to suspicious userAgent: FishBot-BRAD", source: https://static.hotjar.com/c/hotjar-859227.js?sv=6 (3)
[0819/083351.047:INFO:CONSOLE(0)] "Error with Permissions-Policy header: Unrecognized feature: 'interest-cohort'.", source:  (0)
[0819/083352.830:INFO:CONSOLE(3)] "Hotjar not launching due to suspicious userAgent: FishBot-BRAD", source: https://static.hotjar.com/c/hotjar-859227.js?sv=6 (3)
[0819/083354.246:INFO:CONSOLE(0)] "Error with Permissions-Policy header: Unrecognized feature: 'interest-cohort'.", source:  (0)
[0819/083355.487:INFO:CONSOLE(0)] "Error with Permissions-Policy header: Unrecognized feature: 'interest-cohort'.", source:  (0)
[0819/083356.022:INFO:CONSOLE(3)] "Hotjar not launching due to suspicious userAgent: FishBot-BRAD", source: https://static.hotjar.com/c/hotjar-859227.js?sv=6 (3)
[0819/083356.747:INFO:CONSOLE(279)] "[object Object]", source: __puppeteer_evaluation_script__ (279)
[0819/083356.857:INFO:CONSOLE(0)] "Error with Permissions-Policy header: Unrecognized feature: 'interest-cohort'.", source:  (0)
[0819/083358.343:INFO:CONSOLE(0)] "Error with Permissions-Policy header: Unrecognized feature: 'interest-cohort'.", source:  (0)
[0819/083404.818:INFO:CONSOLE(279)] "[object Object]", source: __puppeteer_evaluation_script__ (279)
[0819/083407.059:INFO:CONSOLE(3)] "Hotjar not launching due to suspicious userAgent: FishBot-BRAD", source: https://static.hotjar.com/c/hotjar-859227.js?sv=6 (3)
[0819/083408.859:INFO:CONSOLE(0)] "Error with Permissions-Policy header: Unrecognized feature: 'interest-cohort'.", source:  (0)
[0819/083408.974:INFO:CONSOLE(24)] "[Meta Pixel] - Duplicate Pixel ID: 1489271087955822.", source: https://connect.facebook.net/en_US/fbevents.js (24)
[0819/083409.243:INFO:CONSOLE(1)] "Reddit Pixel Warning:pixel has already been initialized", source: https://www.redditstatic.com/ads/pixel.js (1)
[0819/083409.630:INFO:CONSOLE(0)] "Error with Permissions-Policy header: Unrecognized feature: 'interest-cohort'.", source:  (0)
[0819/083409.740:INFO:CONSOLE(24)] "[Meta Pixel] - Duplicate Pixel ID: 1489271087955822.", source: https://connect.facebook.net/en_US/fbevents.js (24)
[0819/083409.986:INFO:CONSOLE(1)] "Reddit Pixel Warning:pixel has already been initialized", source: https://www.redditstatic.com/ads/pixel.js (1)
[0819/083410.581:INFO:CONSOLE(0)] "Error with Permissions-Policy header: Unrecognized feature: 'interest-cohort'.", source:  (0)
[0819/083411.794:INFO:CONSOLE(24)] "[Meta Pixel] - Duplicate Pixel ID: 1489271087955822.", source: https://connect.facebook.net/en_US/fbevents.js (24)
[0819/083411.924:INFO:CONSOLE(1)] "Reddit Pixel Warning:pixel has already been initialized", source: https://www.redditstatic.com/ads/pixel.js (1)
[0819/083412.137:INFO:CONSOLE(0)] "Error with Permissions-Policy header: Unrecognized feature: 'interest-cohort'.", source:  (0)
[0819/083412.517:INFO:CONSOLE(24)] "[Meta Pixel] - Duplicate Pixel ID: 1489271087955822.", source: https://connect.facebook.net/en_US/fbevents.js (24)
[0819/083412.688:INFO:CONSOLE(1)] "Reddit Pixel Warning:pixel has already been initialized", source: https://www.redditstatic.com/ads/pixel.js (1)
[0819/083412.871:INFO:CONSOLE(0)] "Error with Permissions-Policy header: Unrecognized feature: 'interest-cohort'.", source:  (0)
[0819/083415.724:INFO:CONSOLE(3)] "Hotjar not launching due to suspicious userAgent: FishBot-BRAD", source: https://static.hotjar.com/c/hotjar-859227.js?sv=6 (3)
[0819/083416.188:INFO:CONSOLE(0)] "Error with Permissions-Policy header: Unrecognized feature: 'interest-cohort'.", source:  (0)
[0819/083419.556:INFO:CONSOLE(1)] "Reddit Pixel Warning:pixel has already been initialized", source: https://www.redditstatic.com/ads/pixel.js (1)
[0819/083419.700:INFO:CONSOLE(219)] "Connecting", source: https://www.fisherinvestments.com/en-us/campaigns/air/lx/form (219)
[0819/083419.753:INFO:CONSOLE(0)] "Error with Permissions-Policy header: Unrecognized feature: 'interest-cohort'.", source:  (0)
[0819/083420.200:INFO:CONSOLE(1)] "Reddit Pixel Warning:pixel has already been initialized", source: https://www.redditstatic.com/ads/pixel.js (1)
[0819/083420.249:INFO:CONSOLE(219)] "Connecting", source: https://www.fisherinvestments.com/en-us/campaigns/igcr/dt/form (219)
[0819/083420.405:INFO:CONSOLE(0)] "Error with Permissions-Policy header: Unrecognized feature: 'interest-cohort'.", source:  (0)
[0819/083421.453:INFO:CONSOLE(1)] "Reddit Pixel Warning:pixel has already been initialized", source: https://www.redditstatic.com/ads/pixel.js (1)
[0819/083421.470:INFO:CONSOLE(219)] "Connecting", source: https://www.fisherinvestments.com/en-us/campaigns/ynw/lh/form (219)
[0819/083421.576:INFO:CONSOLE(0)] "Error with Permissions-Policy header: Unrecognized feature: 'interest-cohort'.", source:  (0)
[0819/083422.684:INFO:CONSOLE(1)] "Reddit Pixel Warning:pixel has already been initialized", source: https://www.redditstatic.com/ads/pixel.js (1)
[0819/083422.703:INFO:CONSOLE(219)] "Connecting", source: https://www.fisherinvestments.com/en-us/campaigns/99rt/la/form (219)
[0819/083422.814:INFO:CONSOLE(0)] "Error with Permissions-Policy header: Unrecognized feature: 'interest-cohort'.", source:  (0)
[0819/083423.302:INFO:CONSOLE(24)] "[Meta Pixel] - Duplicate Pixel ID: 1489271087955822.", source: https://connect.facebook.net/en_US/fbevents.js (24)
[0819/083423.366:INFO:CONSOLE(1)] "Reddit Pixel Warning:pixel has already been initialized", source: https://www.redditstatic.com/ads/pixel.js (1)
[0819/083423.568:INFO:CONSOLE(0)] "Error with Permissions-Policy header: Unrecognized feature: 'interest-cohort'.", source:  (0)
[0819/083427.916:INFO:CONSOLE(1)] "Reddit Pixel Warning:pixel has already been initialized", source: https://www.redditstatic.com/ads/pixel.js (1)
[0819/083427.934:INFO:CONSOLE(219)] "Connecting", source: https://www.fisherinvestments.com/en-us/campaigns/air/lx/form (219)
[0819/083428.208:INFO:CONSOLE(0)] "Error with Permissions-Policy header: Unrecognized feature: 'interest-cohort'.", source:  (0)
[0819/083428.943:INFO:CONSOLE(1)] "Reddit Pixel Warning:pixel has already been initialized", source: https://www.redditstatic.com/ads/pixel.js (1)
[0819/083428.984:INFO:CONSOLE(219)] "Connecting", source: https://www.fisherinvestments.com/en-us/campaigns/igcr/dt/form (219)
[0819/083429.184:INFO:CONSOLE(0)] "Error with Permissions-Policy header: Unrecognized feature: 'interest-cohort'.", source:  (0)
[0819/083431.239:INFO:CONSOLE(1)] "Reddit Pixel Warning:pixel has already been initialized", source: https://www.redditstatic.com/ads/pixel.js (1)
[0819/083431.268:INFO:CONSOLE(219)] "Connecting", source: https://www.fisherinvestments.com/en-us/campaigns/ynw/lh/form (219)
[0819/083431.535:INFO:CONSOLE(0)] "Error with Permissions-Policy header: Unrecognized feature: 'interest-cohort'.", source:  (0)
[0819/083432.034:INFO:CONSOLE(24)] "[Meta Pixel] - Duplicate Pixel ID: 1489271087955822.", source: https://connect.facebook.net/en_US/fbevents.js (24)
[0819/083432.139:INFO:CONSOLE(1)] "Reddit Pixel Warning:pixel has already been initialized", source: https://www.redditstatic.com/ads/pixel.js (1)
[0819/083432.325:INFO:CONSOLE(0)] "Error with Permissions-Policy header: Unrecognized feature: 'interest-cohort'.", source:  (0)
[0819/083432.390:INFO:CONSOLE(1)] "Reddit Pixel Warning:pixel has already been initialized", source: https://www.redditstatic.com/ads/pixel.js (1)
[0819/083432.465:INFO:CONSOLE(219)] "Connecting", source: https://www.fisherinvestments.com/en-us/campaigns/99rt/la/form (219)
[0819/083432.688:INFO:CONSOLE(0)] "Error with Permissions-Policy header: Unrecognized feature: 'interest-cohort'.", source:  (0)
[0819/083433.324:INFO:CONSOLE(1)] "Reddit Pixel Warning:pixel has already been initialized", source: https://www.redditstatic.com/ads/pixel.js (1)
[0819/083433.376:INFO:CONSOLE(221)] "Connecting", source: https://www.fisherinvestments.com/en-us/campaigns/iamr/lv/form (221)
[0819/083433.684:INFO:CONSOLE(0)] "Error with Permissions-Policy header: Unrecognized feature: 'interest-cohort'.", source:  (0)
[0819/083436.845:INFO:CONSOLE(1)] "Reddit Pixel Warning:pixel has already been initialized", source: https://www.redditstatic.com/ads/pixel.js (1)
[0819/083436.870:INFO:CONSOLE(219)] "Connecting", source: https://www.fisherinvestments.com/en-us/campaigns/air/lx/form (219)
[0819/083437.033:INFO:CONSOLE(0)] "Error with Permissions-Policy header: Unrecognized feature: 'interest-cohort'.", source:  (0)
[0819/083438.130:INFO:CONSOLE(1)] "Reddit Pixel Warning:pixel has already been initialized", source: https://www.redditstatic.com/ads/pixel.js (1)
[0819/083438.165:INFO:CONSOLE(219)] "Connecting", source: https://www.fisherinvestments.com/en-us/campaigns/igcr/dt/form (219)
[0819/083438.481:INFO:CONSOLE(0)] "Error with Permissions-Policy header: Unrecognized feature: 'interest-cohort'.", source:  (0)
[0819/083439.465:INFO:CONSOLE(1)] "Reddit Pixel Warning:pixel has already been initialized", source: https://www.redditstatic.com/ads/pixel.js (1)
[0819/083439.486:INFO:CONSOLE(219)] "Connecting", source: https://www.fisherinvestments.com/en-us/campaigns/ynw/lh/form (219)
[0819/083439.607:INFO:CONSOLE(0)] "Error with Permissions-Policy header: Unrecognized feature: 'interest-cohort'.", source:  (0)
[0819/083440.992:INFO:CONSOLE(1)] "Reddit Pixel Warning:pixel has already been initialized", source: https://www.redditstatic.com/ads/pixel.js (1)
[0819/083441.018:INFO:CONSOLE(219)] "Connecting", source: https://www.fisherinvestments.com/en-us/campaigns/99rt/la/form (219)
[0819/083441.151:INFO:CONSOLE(0)] "Error with Permissions-Policy header: Unrecognized feature: 'interest-cohort'.", source:  (0)
[0819/083441.957:INFO:CONSOLE(1)] "Reddit Pixel Warning:pixel has already been initialized", source: https://www.redditstatic.com/ads/pixel.js (1)
[0819/083442.012:INFO:CONSOLE(221)] "Connecting", source: https://www.fisherinvestments.com/en-us/campaigns/wtr/ln/form (221)
[0819/083442.353:INFO:CONSOLE(0)] "Error with Permissions-Policy header: Unrecognized feature: 'interest-cohort'.", source:  (0)
[0819/083442.669:INFO:CONSOLE(1)] "Reddit Pixel Warning:pixel has already been initialized", source: https://www.redditstatic.com/ads/pixel.js (1)
[0819/083442.705:INFO:CONSOLE(221)] "Connecting", source: https://www.fisherinvestments.com/en-us/campaigns/iamr/lv/form (221)
[0819/083442.887:INFO:CONSOLE(0)] "Error with Permissions-Policy header: Unrecognized feature: 'interest-cohort'.", source:  (0)
[0819/083445.966:INFO:CONSOLE(1)] "Reddit Pixel Warning:pixel has already been initialized", source: https://www.redditstatic.com/ads/pixel.js (1)
[0819/083445.988:INFO:CONSOLE(219)] "Connecting", source: https://www.fisherinvestments.com/en-us/campaigns/igcr/dt/form (219)
[0819/083446.106:INFO:CONSOLE(0)] "Error with Permissions-Policy header: Unrecognized feature: 'interest-cohort'.", source:  (0)
[0819/083446.648:INFO:CONSOLE(1)] "Reddit Pixel Warning:pixel has already been initialized", source: https://www.redditstatic.com/ads/pixel.js (1)
[0819/083446.672:INFO:CONSOLE(219)] "Connecting", source: https://www.fisherinvestments.com/en-us/campaigns/air/lx/form (219)
[0819/083446.913:INFO:CONSOLE(0)] "Error with Permissions-Policy header: Unrecognized feature: 'interest-cohort'.", source:  (0)
[0819/083447.628:INFO:CONSOLE(1)] "Reddit Pixel Warning:pixel has already been initialized", source: https://www.redditstatic.com/ads/pixel.js (1)
[0819/083447.644:INFO:CONSOLE(219)] "Connecting", source: https://www.fisherinvestments.com/en-us/campaigns/ynw/lh/form (219)
[0819/083447.750:INFO:CONSOLE(0)] "Error with Permissions-Policy header: Unrecognized feature: 'interest-cohort'.", source:  (0)
[0819/083448.149:INFO:CONSOLE(1)] "Reddit Pixel Warning:pixel has already been initialized", source: https://www.redditstatic.com/ads/pixel.js (1)
[0819/083448.169:INFO:CONSOLE(219)] "Connecting", source: https://www.fisherinvestments.com/en-us/campaigns/99rt/la/form (219)
[0819/083448.288:INFO:CONSOLE(0)] "Error with Permissions-Policy header: Unrecognized feature: 'interest-cohort'.", source:  (0)
[0819/083450.168:INFO:CONSOLE(1)] "Reddit Pixel Warning:pixel has already been initialized", source: https://www.redditstatic.com/ads/pixel.js (1)
[0819/083450.189:INFO:CONSOLE(221)] "Connecting", source: https://www.fisherinvestments.com/en-us/campaigns/wtr/ln/form (221)
[0819/083450.366:INFO:CONSOLE(0)] "Error with Permissions-Policy header: Unrecognized feature: 'interest-cohort'.", source:  (0)
[0819/083451.136:INFO:CONSOLE(1)] "Reddit Pixel Warning:pixel has already been initialized", source: https://www.redditstatic.com/ads/pixel.js (1)
[0819/083451.159:INFO:CONSOLE(221)] "Connecting", source: https://www.fisherinvestments.com/en-us/campaigns/iamr/lv/form (221)
[0819/083451.445:INFO:CONSOLE(0)] "Error with Permissions-Policy header: Unrecognized feature: 'interest-cohort'.", source:  (0)
[0819/083454.640:INFO:CONSOLE(1)] "Reddit Pixel Warning:pixel has already been initialized", source: https://www.redditstatic.com/ads/pixel.js (1)
[0819/083454.657:INFO:CONSOLE(219)] "Connecting", source: https://www.fisherinvestments.com/en-us/campaigns/air/lx/form (219)
[0819/083454.812:INFO:CONSOLE(0)] "Error with Permissions-Policy header: Unrecognized feature: 'interest-cohort'.", source:  (0)
[0819/083455.321:INFO:CONSOLE(1)] "Reddit Pixel Warning:pixel has already been initialized", source: https://www.redditstatic.com/ads/pixel.js (1)
[0819/083455.342:INFO:CONSOLE(219)] "Connecting", source: https://www.fisherinvestments.com/en-us/campaigns/igcr/dt/form (219)
[0819/083455.613:INFO:CONSOLE(0)] "Error with Permissions-Policy header: Unrecognized feature: 'interest-cohort'.", source:  (0)
[0819/083458.729:INFO:CONSOLE(1)] "Reddit Pixel Warning:pixel has already been initialized", source: https://www.redditstatic.com/ads/pixel.js (1)
[0819/083458.749:INFO:CONSOLE(219)] "Connecting", source: https://www.fisherinvestments.com/en-us/campaigns/ynw/lh/form (219)
[0819/083458.861:INFO:CONSOLE(0)] "Error with Permissions-Policy header: Unrecognized feature: 'interest-cohort'.", source:  (0)
[0819/083459.383:INFO:CONSOLE(1)] "Reddit Pixel Warning:pixel has already been initialized", source: https://www.redditstatic.com/ads/pixel.js (1)
[0819/083459.405:INFO:CONSOLE(221)] "Connecting", source: https://www.fisherinvestments.com/en-us/campaigns/wtr/ln/form (221)
[0819/083459.671:INFO:CONSOLE(0)] "Error with Permissions-Policy header: Unrecognized feature: 'interest-cohort'.", source:  (0)
[0819/083459.986:INFO:CONSOLE(1)] "Reddit Pixel Warning:pixel has already been initialized", source: https://www.redditstatic.com/ads/pixel.js (1)
[0819/083500.014:INFO:CONSOLE(219)] "Connecting", source: https://www.fisherinvestments.com/en-us/campaigns/99rt/la/form (219)
[0819/083500.145:INFO:CONSOLE(0)] "Error with Permissions-Policy header: Unrecognized feature: 'interest-cohort'.", source:  (0)
[0819/083500.951:INFO:CONSOLE(1)] "Reddit Pixel Warning:pixel has already been initialized", source: https://www.redditstatic.com/ads/pixel.js (1)
[0819/083500.975:INFO:CONSOLE(221)] "Connecting", source: https://www.fisherinvestments.com/en-us/campaigns/iamr/lv/form (221)
[0819/083501.135:INFO:CONSOLE(0)] "Error with Permissions-Policy header: Unrecognized feature: 'interest-cohort'.", source:  (0)
[0819/083502.916:INFO:CONSOLE(1)] "Reddit Pixel Warning:pixel has already been initialized", source: https://www.redditstatic.com/ads/pixel.js (1)
[0819/083502.940:INFO:CONSOLE(227)] "Disconnecting", source: https://www.fisherinvestments.com/en-us/campaigns/air/lx/form (227)
[0819/083503.084:INFO:CONSOLE(0)] "Error with Permissions-Policy header: Unrecognized feature: 'interest-cohort'.", source:  (0)
[0819/083504.301:INFO:CONSOLE(1)] "Reddit Pixel Warning:pixel has already been initialized", source: https://www.redditstatic.com/ads/pixel.js (1)
[0819/083504.356:INFO:CONSOLE(227)] "Disconnecting", source: https://www.fisherinvestments.com/en-us/campaigns/igcr/dt/form (227)
[0819/083504.533:INFO:CONSOLE(0)] "Error with Permissions-Policy header: Unrecognized feature: 'interest-cohort'.", source:  (0)
[0819/083505.029:INFO:CONSOLE(1)] "Reddit Pixel Warning:pixel has already been initialized", source: https://www.redditstatic.com/ads/pixel.js (1)
[0819/083505.079:INFO:CONSOLE(227)] "Disconnecting", source: https://www.fisherinvestments.com/en-us/campaigns/ynw/lh/form (227)
[0819/083505.270:INFO:CONSOLE(0)] "Error with Permissions-Policy header: Unrecognized feature: 'interest-cohort'.", source:  (0)
[0819/083505.930:INFO:CONSOLE(1)] "Reddit Pixel Warning:pixel has already been initialized", source: https://www.redditstatic.com/ads/pixel.js (1)
[0819/083505.958:INFO:CONSOLE(227)] "Disconnecting", source: https://www.fisherinvestments.com/en-us/campaigns/99rt/la/form (227)
[0819/083506.206:INFO:CONSOLE(0)] "Error with Permissions-Policy header: Unrecognized feature: 'interest-cohort'.", source:  (0)
[0819/083510.763:INFO:CONSOLE(1)] "Reddit Pixel Warning:pixel has already been initialized", source: https://www.redditstatic.com/ads/pixel.js (1)
[0819/083510.805:INFO:CONSOLE(221)] "Connecting", source: https://www.fisherinvestments.com/en-us/campaigns/wtr/ln/form (221)
[0819/083511.132:INFO:CONSOLE(0)] "Error with Permissions-Policy header: Unrecognized feature: 'interest-cohort'.", source:  (0)
[0819/083512.450:INFO:CONSOLE(1)] "Reddit Pixel Warning:pixel has already been initialized", source: https://www.redditstatic.com/ads/pixel.js (1)
[0819/083512.488:INFO:CONSOLE(221)] "Connecting", source: https://www.fisherinvestments.com/en-us/campaigns/iamr/lv/form (221)
[0819/083512.677:INFO:CONSOLE(0)] "Error with Permissions-Policy header: Unrecognized feature: 'interest-cohort'.", source:  (0)
[0819/083514.370:INFO:CONSOLE(1)] "Uncaught SyntaxError: Unexpected end of JSON input", source: https://www.fisherinvestments.com/en-us/campaigns/air/lx/form (1)
[0819/083514.486:INFO:CONSOLE(1)] "Uncaught SyntaxError: Unexpected end of JSON input", source: https://www.fisherinvestments.com/en-us/campaigns/igcr/dt/form (1)
[0819/083515.989:INFO:CONSOLE(1)] "Reddit Pixel Warning:pixel has already been initialized", source: https://www.redditstatic.com/ads/pixel.js (1)
[0819/083516.012:INFO:CONSOLE(229)] "Disconnecting", source: https://www.fisherinvestments.com/en-us/campaigns/iamr/lv/form (229)
[0819/083516.161:INFO:CONSOLE(0)] "Error with Permissions-Policy header: Unrecognized feature: 'interest-cohort'.", source:  (0)
[0819/083516.355:INFO:CONSOLE(1)] "Uncaught SyntaxError: Unexpected end of JSON input", source: https://www.fisherinvestments.com/en-us/campaigns/ynw/lh/form (1)
[0819/083516.663:INFO:CONSOLE(1)] "Uncaught SyntaxError: Unexpected end of JSON input", source: https://www.fisherinvestments.com/en-us/campaigns/99rt/la/form (1)
[0819/083517.083:INFO:CONSOLE(1)] "Reddit Pixel Warning:pixel has already been initialized", source: https://www.redditstatic.com/ads/pixel.js (1)
[0819/083517.160:INFO:CONSOLE(221)] "Connecting", source: https://www.fisherinvestments.com/en-us/campaigns/wtr/ln/form (221)
[0819/083517.371:INFO:CONSOLE(0)] "Error with Permissions-Policy header: Unrecognized feature: 'interest-cohort'.", source:  (0)
[0819/083520.833:INFO:CONSOLE(1)] "Reddit Pixel Warning:pixel has already been initialized", source: https://www.redditstatic.com/ads/pixel.js (1)
[0819/083521.045:INFO:CONSOLE(0)] "Error with Permissions-Policy header: Unrecognized feature: 'interest-cohort'.", source:  (0)
[0819/083521.609:INFO:CONSOLE(1)] "Reddit Pixel Warning:pixel has already been initialized", source: https://www.redditstatic.com/ads/pixel.js (1)
[0819/083521.931:INFO:CONSOLE(0)] "Error with Permissions-Policy header: Unrecognized feature: 'interest-cohort'.", source:  (0)
[0819/083523.850:INFO:CONSOLE(1)] "Reddit Pixel Warning:pixel has already been initialized", source: https://www.redditstatic.com/ads/pixel.js (1)
[0819/083524.079:INFO:CONSOLE(0)] "Error with Permissions-Policy header: Unrecognized feature: 'interest-cohort'.", source:  (0)
[0819/083524.529:INFO:CONSOLE(1)] "Reddit Pixel Warning:pixel has already been initialized", source: https://www.redditstatic.com/ads/pixel.js (1)
[0819/083524.797:INFO:CONSOLE(0)] "Error with Permissions-Policy header: Unrecognized feature: 'interest-cohort'.", source:  (0)
[0819/083525.441:INFO:CONSOLE(1)] "Reddit Pixel Warning:pixel has already been initialized", source: https://www.redditstatic.com/ads/pixel.js (1)
[0819/083525.467:INFO:CONSOLE(229)] "Disconnecting", source: https://www.fisherinvestments.com/en-us/campaigns/wtr/ln/form (229)
[0819/083525.633:INFO:CONSOLE(0)] "Error with Permissions-Policy header: Unrecognized feature: 'interest-cohort'.", source:  (0)
[0819/083527.744:INFO:CONSOLE(1)] "Uncaught SyntaxError: Unexpected end of JSON input", source: https://www.fisherinvestments.com/en-us/campaigns/iamr/lv/form (1)
[0819/083534.251:INFO:CONSOLE(1)] "Reddit Pixel Warning:pixel has already been initialized", source: https://www.redditstatic.com/ads/pixel.js (1)
[0819/083534.490:INFO:CONSOLE(0)] "Error with Permissions-Policy header: Unrecognized feature: 'interest-cohort'.", source:  (0)
[0819/083535.672:INFO:CONSOLE(1)] "Uncaught SyntaxError: Unexpected end of JSON input", source: https://www.fisherinvestments.com/en-us/campaigns/wtr/ln/form (1)
[0819/083540.361:INFO:CONSOLE(3)] "Hotjar not launching due to suspicious userAgent: FishBot-BRAD", source: https://static.hotjar.com/c/hotjar-859227.js?sv=6 (3)
[0819/083541.948:INFO:CONSOLE(0)] "Error with Permissions-Policy header: Unrecognized feature: 'interest-cohort'.", source:  (0)
[0819/083543.002:INFO:CONSOLE(3)] "Hotjar not launching due to suspicious userAgent: FishBot-BRAD", source: https://static.hotjar.com/c/hotjar-859227.js?sv=6 (3)
[0819/083544.794:INFO:CONSOLE(1)] "Reddit Pixel Warning:pixel has already been initialized", source: https://www.redditstatic.com/ads/pixel.js (1)
[0819/083545.050:INFO:CONSOLE(279)] "[object Object]", source: __puppeteer_evaluation_script__ (279)
[0819/083545.093:INFO:CONSOLE(0)] "Error with Permissions-Policy header: Unrecognized feature: 'interest-cohort'.", source:  (0)
[0819/083545.512:INFO:CONSOLE(0)] "Error with Permissions-Policy header: Unrecognized feature: 'interest-cohort'.", source:  (0)
[0819/083545.764:INFO:CONSOLE(3)] "Hotjar not launching due to suspicious userAgent: FishBot-BRAD", source: https://static.hotjar.com/c/hotjar-859227.js?sv=6 (3)
[0819/083546.205:INFO:CONSOLE(279)] "[object Object]", source: __puppeteer_evaluation_script__ (279)
[0819/083547.985:INFO:CONSOLE(3)] "Hotjar not launching due to suspicious userAgent: FishBot-BRAD", source: https://static.hotjar.com/c/hotjar-859227.js?sv=6 (3)
[0819/083548.766:INFO:CONSOLE(279)] "[object Object]", source: __puppeteer_evaluation_script__ (279)
[0819/083548.911:INFO:CONSOLE(0)] "Error with Permissions-Policy header: Unrecognized feature: 'interest-cohort'.", source:  (0)
[0819/083549.070:INFO:CONSOLE(279)] "[object Object]", source: __puppeteer_evaluation_script__ (279)
[0819/083549.228:INFO:CONSOLE(0)] "Error with Permissions-Policy header: Unrecognized feature: 'interest-cohort'.", source:  (0)
[0819/083554.674:INFO:CONSOLE(3)] "Hotjar not launching due to suspicious userAgent: FishBot-BRAD", source: https://static.hotjar.com/c/hotjar-859227.js?sv=6 (3)
[0819/083555.393:INFO:CONSOLE(0)] "Error with Permissions-Policy header: Unrecognized feature: 'interest-cohort'.", source:  (0)
[0819/083559.228:INFO:CONSOLE(279)] "[object Object]", source: __puppeteer_evaluation_script__ (279)
[0819/083602.217:INFO:CONSOLE(3)] "Hotjar not launching due to suspicious userAgent: FishBot-BRAD", source: https://static.hotjar.com/c/hotjar-859227.js?sv=6 (3)
[0819/083602.500:INFO:CONSOLE(0)] "Error with Permissions-Policy header: Unrecognized feature: 'interest-cohort'.", source:  (0)
[0819/083607.257:INFO:CONSOLE(279)] "[object Object]", source: __puppeteer_evaluation_script__ (279)
